2020-10-17 15:05:37,539 INFO c.b.s.BmartApplication [restartedMain] Starting BmartApplication on LAPTOP-CUSUEL51 with PID 4732 (E:\app\bmart-workspace\bmart\target\classes started by Anaisha in E:\app\bmart-workspace\bmart)
2020-10-17 15:05:37,544 INFO c.b.s.BmartApplication [restartedMain] No active profile set, falling back to default profiles: default
2020-10-17 15:05:56,899 INFO c.b.s.BmartApplication [restartedMain] Starting BmartApplication on LAPTOP-CUSUEL51 with PID 4732 (E:\app\bmart-workspace\bmart\target\classes started by Anaisha in E:\app\bmart-workspace\bmart)
2020-10-17 15:05:56,899 INFO c.b.s.BmartApplication [restartedMain] No active profile set, falling back to default profiles: default
2020-10-17 15:06:00,901 INFO c.b.s.BmartApplication [restartedMain] Starting BmartApplication on LAPTOP-CUSUEL51 with PID 4732 (E:\app\bmart-workspace\bmart\target\classes started by Anaisha in E:\app\bmart-workspace\bmart)
2020-10-17 15:06:00,901 INFO c.b.s.BmartApplication [restartedMain] No active profile set, falling back to default profiles: default
2020-10-17 15:06:11,207 INFO c.b.s.BmartApplication [main] Starting BmartApplication on LAPTOP-CUSUEL51 with PID 33724 (E:\app\bmart-workspace\bmart\target\classes started by Anaisha in E:\app\bmart-workspace\bmart)
2020-10-17 15:06:11,221 INFO c.b.s.BmartApplication [main] No active profile set, falling back to default profiles: default
2020-10-17 15:07:01,829 INFO c.b.s.BmartApplication [restartedMain] Starting BmartApplication on LAPTOP-CUSUEL51 with PID 4732 (E:\app\bmart-workspace\bmart\target\classes started by Anaisha in E:\app\bmart-workspace\bmart)
2020-10-17 15:07:01,829 INFO c.b.s.BmartApplication [restartedMain] No active profile set, falling back to default profiles: default
2020-10-17 15:07:16,836 INFO c.b.s.BmartApplication [main] Starting BmartApplication on LAPTOP-CUSUEL51 with PID 32624 (E:\app\bmart-workspace\bmart\target\classes started by Anaisha in E:\app\bmart-workspace\bmart)
2020-10-17 15:07:16,853 INFO c.b.s.BmartApplication [main] No active profile set, falling back to default profiles: default
2020-10-17 15:07:53,066 INFO c.b.s.BmartApplication [restartedMain] Starting BmartApplication on LAPTOP-CUSUEL51 with PID 4732 (E:\app\bmart-workspace\bmart\target\classes started by Anaisha in E:\app\bmart-workspace\bmart)
2020-10-17 15:07:53,073 INFO c.b.s.BmartApplication [restartedMain] No active profile set, falling back to default profiles: default
2020-10-17 15:09:13,039 INFO c.b.s.BmartApplication [restartedMain] Starting BmartApplication on LAPTOP-CUSUEL51 with PID 4732 (E:\app\bmart-workspace\bmart\target\classes started by Anaisha in E:\app\bmart-workspace\bmart)
2020-10-17 15:09:13,040 INFO c.b.s.BmartApplication [restartedMain] No active profile set, falling back to default profiles: default
2020-10-17 15:09:36,584 INFO c.b.s.BmartApplication [restartedMain] Starting BmartApplication on LAPTOP-CUSUEL51 with PID 4732 (E:\app\bmart-workspace\bmart\target\classes started by Anaisha in E:\app\bmart-workspace\bmart)
2020-10-17 15:09:36,584 INFO c.b.s.BmartApplication [restartedMain] No active profile set, falling back to default profiles: default
2020-10-17 15:09:40,627 INFO c.b.s.BmartApplication [restartedMain] Starting BmartApplication on LAPTOP-CUSUEL51 with PID 4732 (E:\app\bmart-workspace\bmart\target\classes started by Anaisha in E:\app\bmart-workspace\bmart)
2020-10-17 15:09:40,627 INFO c.b.s.BmartApplication [restartedMain] No active profile set, falling back to default profiles: default
2020-10-17 15:09:50,758 INFO c.b.s.BmartApplication [restartedMain] Starting BmartApplication on LAPTOP-CUSUEL51 with PID 4732 (E:\app\bmart-workspace\bmart\target\classes started by Anaisha in E:\app\bmart-workspace\bmart)
2020-10-17 15:09:50,761 INFO c.b.s.BmartApplication [restartedMain] No active profile set, falling back to default profiles: default
2020-10-17 15:09:55,758 INFO c.b.s.BmartApplication [main] Starting BmartApplication on LAPTOP-CUSUEL51 with PID 26528 (E:\app\bmart-workspace\bmart\target\classes started by Anaisha in E:\app\bmart-workspace\bmart)
2020-10-17 15:09:55,781 INFO c.b.s.BmartApplication [main] No active profile set, falling back to default profiles: default
2020-10-17 15:09:57,959 ERROR o.a.c.u.LifecycleBase [main] Failed to initialize component [Connector[org.apache.coyote.http11.Http11NioProtocol-8443]]
org.apache.catalina.LifecycleException: Protocol handler initialization failed
	at org.apache.catalina.connector.Connector.initInternal(Connector.java:1033) ~[tomcat-embed-core-9.0.35.jar:9.0.35]
	at org.apache.catalina.util.LifecycleBase.init(LifecycleBase.java:136) [tomcat-embed-core-9.0.35.jar:9.0.35]
	at org.apache.catalina.core.StandardService.initInternal(StandardService.java:533) [tomcat-embed-core-9.0.35.jar:9.0.35]
	at org.apache.catalina.util.LifecycleBase.init(LifecycleBase.java:136) [tomcat-embed-core-9.0.35.jar:9.0.35]
	at org.apache.catalina.core.StandardServer.initInternal(StandardServer.java:1057) [tomcat-embed-core-9.0.35.jar:9.0.35]
	at org.apache.catalina.util.LifecycleBase.init(LifecycleBase.java:136) [tomcat-embed-core-9.0.35.jar:9.0.35]
	at org.apache.catalina.util.LifecycleBase.start(LifecycleBase.java:173) [tomcat-embed-core-9.0.35.jar:9.0.35]
	at org.apache.catalina.startup.Tomcat.start(Tomcat.java:468) [tomcat-embed-core-9.0.35.jar:9.0.35]
	at org.springframework.boot.web.embedded.tomcat.TomcatWebServer.initialize(TomcatWebServer.java:123) [spring-boot-2.3.0.RELEASE.jar:2.3.0.RELEASE]
	at org.springframework.boot.web.embedded.tomcat.TomcatWebServer.<init>(TomcatWebServer.java:104) [spring-boot-2.3.0.RELEASE.jar:2.3.0.RELEASE]
	at org.springframework.boot.web.embedded.tomcat.TomcatServletWebServerFactory.getTomcatWebServer(TomcatServletWebServerFactory.java:437) [spring-boot-2.3.0.RELEASE.jar:2.3.0.RELEASE]
	at org.springframework.boot.web.embedded.tomcat.TomcatServletWebServerFactory.getWebServer(TomcatServletWebServerFactory.java:191) [spring-boot-2.3.0.RELEASE.jar:2.3.0.RELEASE]
	at org.springframework.boot.web.servlet.context.ServletWebServerApplicationContext.createWebServer(ServletWebServerApplicationContext.java:176) [spring-boot-2.3.0.RELEASE.jar:2.3.0.RELEASE]
	at org.springframework.boot.web.servlet.context.ServletWebServerApplicationContext.onRefresh(ServletWebServerApplicationContext.java:158) [spring-boot-2.3.0.RELEASE.jar:2.3.0.RELEASE]
	at org.springframework.context.support.AbstractApplicationContext.refresh(AbstractApplicationContext.java:544) [spring-context-5.2.6.RELEASE.jar:5.2.6.RELEASE]
	at org.springframework.boot.web.servlet.context.ServletWebServerApplicationContext.refresh(ServletWebServerApplicationContext.java:143) [spring-boot-2.3.0.RELEASE.jar:2.3.0.RELEASE]
	at org.springframework.boot.SpringApplication.refresh(SpringApplication.java:758) [spring-boot-2.3.0.RELEASE.jar:2.3.0.RELEASE]
	at org.springframework.boot.SpringApplication.refresh(SpringApplication.java:750) [spring-boot-2.3.0.RELEASE.jar:2.3.0.RELEASE]
	at org.springframework.boot.SpringApplication.refreshContext(SpringApplication.java:397) [spring-boot-2.3.0.RELEASE.jar:2.3.0.RELEASE]
	at org.springframework.boot.SpringApplication.run(SpringApplication.java:315) [spring-boot-2.3.0.RELEASE.jar:2.3.0.RELEASE]
	at org.springframework.boot.SpringApplication.run(SpringApplication.java:1237) [spring-boot-2.3.0.RELEASE.jar:2.3.0.RELEASE]
	at org.springframework.boot.SpringApplication.run(SpringApplication.java:1226) [spring-boot-2.3.0.RELEASE.jar:2.3.0.RELEASE]
	at com.bmart.shopping.BmartApplication.main(BmartApplication.java:25) [classes/:?]
Caused by: java.net.BindException: Address already in use: bind
	at sun.nio.ch.Net.bind0(Native Method) ~[?:1.8.0_251]
	at sun.nio.ch.Net.bind(Net.java:433) ~[?:1.8.0_251]
	at sun.nio.ch.Net.bind(Net.java:425) ~[?:1.8.0_251]
	at sun.nio.ch.ServerSocketChannelImpl.bind(ServerSocketChannelImpl.java:223) ~[?:1.8.0_251]
	at sun.nio.ch.ServerSocketAdaptor.bind(ServerSocketAdaptor.java:74) ~[?:1.8.0_251]
	at org.apache.tomcat.util.net.NioEndpoint.initServerSocket(NioEndpoint.java:228) ~[tomcat-embed-core-9.0.35.jar:9.0.35]
	at org.apache.tomcat.util.net.NioEndpoint.bind(NioEndpoint.java:211) ~[tomcat-embed-core-9.0.35.jar:9.0.35]
	at org.apache.tomcat.util.net.AbstractEndpoint.bindWithCleanup(AbstractEndpoint.java:1141) ~[tomcat-embed-core-9.0.35.jar:9.0.35]
	at org.apache.tomcat.util.net.AbstractEndpoint.init(AbstractEndpoint.java:1154) ~[tomcat-embed-core-9.0.35.jar:9.0.35]
	at org.apache.coyote.AbstractProtocol.init(AbstractProtocol.java:581) ~[tomcat-embed-core-9.0.35.jar:9.0.35]
	at org.apache.coyote.http11.AbstractHttp11Protocol.init(AbstractHttp11Protocol.java:74) ~[tomcat-embed-core-9.0.35.jar:9.0.35]
	at org.apache.catalina.connector.Connector.initInternal(Connector.java:1030) ~[tomcat-embed-core-9.0.35.jar:9.0.35]
	... 22 more
2020-10-17 15:09:59,288 INFO c.b.s.BmartApplication [restartedMain] Started BmartApplication in 8.642 seconds (JVM running for 24159.52)
2020-10-17 15:14:42,372 INFO c.b.s.BmartApplication [restartedMain] Starting BmartApplication on LAPTOP-CUSUEL51 with PID 10924 (E:\app\bmart-workspace\bmart\target\classes started by Anaisha in E:\app\bmart-workspace\bmart)
2020-10-17 15:14:42,387 INFO c.b.s.BmartApplication [restartedMain] No active profile set, falling back to default profiles: default
2020-10-17 15:14:55,031 INFO c.b.s.BmartApplication [restartedMain] Started BmartApplication in 13.214 seconds (JVM running for 15.189)
2020-10-17 15:16:07,051 INFO c.b.s.BmartApplication [restartedMain] Starting BmartApplication on LAPTOP-CUSUEL51 with PID 10924 (E:\app\bmart-workspace\bmart\target\classes started by Anaisha in E:\app\bmart-workspace\bmart)
2020-10-17 15:16:07,052 INFO c.b.s.BmartApplication [restartedMain] No active profile set, falling back to default profiles: default
2020-10-17 15:16:12,993 INFO c.b.s.BmartApplication [restartedMain] Started BmartApplication in 6.003 seconds (JVM running for 93.147)
2020-10-17 15:16:44,314 INFO c.b.s.BmartApplication [restartedMain] Starting BmartApplication on LAPTOP-CUSUEL51 with PID 10924 (E:\app\bmart-workspace\bmart\target\classes started by Anaisha in E:\app\bmart-workspace\bmart)
2020-10-17 15:16:44,314 INFO c.b.s.BmartApplication [restartedMain] No active profile set, falling back to default profiles: default
2020-10-17 15:16:46,329 INFO c.b.s.BmartApplication [restartedMain] Started BmartApplication in 2.126 seconds (JVM running for 126.485)
2020-10-17 15:17:24,948 INFO c.b.s.BmartApplication [restartedMain] Starting BmartApplication on LAPTOP-CUSUEL51 with PID 28996 (E:\app\bmart-workspace\bmart\target\classes started by Anaisha in E:\app\bmart-workspace\bmart)
2020-10-17 15:17:24,968 INFO c.b.s.BmartApplication [restartedMain] The following profiles are active: prod
2020-10-17 15:17:30,139 INFO c.b.s.BmartApplication [restartedMain] Started BmartApplication in 5.709 seconds (JVM running for 7.123)
2020-10-17 15:19:30,980 INFO c.b.s.BmartApplication [restartedMain] Starting BmartApplication on LAPTOP-CUSUEL51 with PID 9564 (E:\app\bmart-workspace\bmart\target\classes started by Anaisha in E:\app\bmart-workspace\bmart)
2020-10-17 15:19:30,993 INFO c.b.s.BmartApplication [restartedMain] The following profiles are active: local
2020-10-17 15:19:36,558 INFO c.b.s.BmartApplication [restartedMain] Started BmartApplication in 6.085 seconds (JVM running for 7.874)
2020-10-17 15:20:11,424 INFO c.b.s.BmartApplication [restartedMain] Starting BmartApplication on LAPTOP-CUSUEL51 with PID 27924 (E:\app\bmart-workspace\bmart\target\classes started by Anaisha in E:\app\bmart-workspace\bmart)
2020-10-17 15:20:11,435 INFO c.b.s.BmartApplication [restartedMain] The following profiles are active: prod
2020-10-17 15:20:17,242 INFO c.b.s.BmartApplication [restartedMain] Started BmartApplication in 6.273 seconds (JVM running for 8.063)
2020-10-18 17:27:01,717 INFO c.b.s.BmartApplication [restartedMain] Starting BmartApplication on LAPTOP-CUSUEL51 with PID 16456 (E:\app\bmart-workspace\bmart\target\classes started by Anaisha in E:\app\bmart-workspace\bmart)
2020-10-18 17:27:01,759 INFO c.b.s.BmartApplication [restartedMain] The following profiles are active: prod
2020-10-18 17:27:13,236 ERROR c.z.h.p.HikariPool [task-1] HikariPool-1 - Exception during pool initialization.
java.sql.SQLNonTransientConnectionException: Could not create connection to database server. Attempted reconnect 3 times. Giving up.
	at com.mysql.cj.jdbc.exceptions.SQLError.createSQLException(SQLError.java:110) ~[mysql-connector-java-8.0.20.jar:8.0.20]
	at com.mysql.cj.jdbc.exceptions.SQLError.createSQLException(SQLError.java:97) ~[mysql-connector-java-8.0.20.jar:8.0.20]
	at com.mysql.cj.jdbc.exceptions.SQLError.createSQLException(SQLError.java:89) ~[mysql-connector-java-8.0.20.jar:8.0.20]
	at com.mysql.cj.jdbc.exceptions.SQLError.createSQLException(SQLError.java:63) ~[mysql-connector-java-8.0.20.jar:8.0.20]
	at com.mysql.cj.jdbc.exceptions.SQLError.createSQLException(SQLError.java:73) ~[mysql-connector-java-8.0.20.jar:8.0.20]
	at com.mysql.cj.jdbc.ConnectionImpl.connectWithRetries(ConnectionImpl.java:906) ~[mysql-connector-java-8.0.20.jar:8.0.20]
	at com.mysql.cj.jdbc.ConnectionImpl.createNewIO(ConnectionImpl.java:831) ~[mysql-connector-java-8.0.20.jar:8.0.20]
	at com.mysql.cj.jdbc.ConnectionImpl.<init>(ConnectionImpl.java:456) ~[mysql-connector-java-8.0.20.jar:8.0.20]
	at com.mysql.cj.jdbc.ConnectionImpl.getInstance(ConnectionImpl.java:246) ~[mysql-connector-java-8.0.20.jar:8.0.20]
	at com.mysql.cj.jdbc.NonRegisteringDriver.connect(NonRegisteringDriver.java:197) ~[mysql-connector-java-8.0.20.jar:8.0.20]
	at com.zaxxer.hikari.util.DriverDataSource.getConnection(DriverDataSource.java:138) ~[HikariCP-3.4.5.jar:?]
	at com.zaxxer.hikari.pool.PoolBase.newConnection(PoolBase.java:358) ~[HikariCP-3.4.5.jar:?]
	at com.zaxxer.hikari.pool.PoolBase.newPoolEntry(PoolBase.java:206) ~[HikariCP-3.4.5.jar:?]
	at com.zaxxer.hikari.pool.HikariPool.createPoolEntry(HikariPool.java:477) ~[HikariCP-3.4.5.jar:?]
	at com.zaxxer.hikari.pool.HikariPool.checkFailFast(HikariPool.java:560) ~[HikariCP-3.4.5.jar:?]
	at com.zaxxer.hikari.pool.HikariPool.<init>(HikariPool.java:115) ~[HikariCP-3.4.5.jar:?]
	at com.zaxxer.hikari.HikariDataSource.getConnection(HikariDataSource.java:112) ~[HikariCP-3.4.5.jar:?]
	at org.hibernate.engine.jdbc.connections.internal.DatasourceConnectionProviderImpl.getConnection(DatasourceConnectionProviderImpl.java:122) ~[hibernate-core-5.4.15.Final.jar:5.4.15.Final]
	at org.hibernate.engine.jdbc.env.internal.JdbcEnvironmentInitiator$ConnectionProviderJdbcConnectionAccess.obtainConnection(JdbcEnvironmentInitiator.java:180) ~[hibernate-core-5.4.15.Final.jar:5.4.15.Final]
	at org.hibernate.engine.jdbc.env.internal.JdbcEnvironmentInitiator.initiateService(JdbcEnvironmentInitiator.java:68) ~[hibernate-core-5.4.15.Final.jar:5.4.15.Final]
	at org.hibernate.engine.jdbc.env.internal.JdbcEnvironmentInitiator.initiateService(JdbcEnvironmentInitiator.java:35) ~[hibernate-core-5.4.15.Final.jar:5.4.15.Final]
	at org.hibernate.boot.registry.internal.StandardServiceRegistryImpl.initiateService(StandardServiceRegistryImpl.java:101) ~[hibernate-core-5.4.15.Final.jar:5.4.15.Final]
	at org.hibernate.service.internal.AbstractServiceRegistryImpl.createService(AbstractServiceRegistryImpl.java:263) ~[hibernate-core-5.4.15.Final.jar:5.4.15.Final]
	at org.hibernate.service.internal.AbstractServiceRegistryImpl.initializeService(AbstractServiceRegistryImpl.java:237) ~[hibernate-core-5.4.15.Final.jar:5.4.15.Final]
	at org.hibernate.service.internal.AbstractServiceRegistryImpl.getService(AbstractServiceRegistryImpl.java:214) ~[hibernate-core-5.4.15.Final.jar:5.4.15.Final]
	at org.hibernate.id.factory.internal.DefaultIdentifierGeneratorFactory.injectServices(DefaultIdentifierGeneratorFactory.java:152) ~[hibernate-core-5.4.15.Final.jar:5.4.15.Final]
	at org.hibernate.service.internal.AbstractServiceRegistryImpl.injectDependencies(AbstractServiceRegistryImpl.java:286) ~[hibernate-core-5.4.15.Final.jar:5.4.15.Final]
	at org.hibernate.service.internal.AbstractServiceRegistryImpl.initializeService(AbstractServiceRegistryImpl.java:243) ~[hibernate-core-5.4.15.Final.jar:5.4.15.Final]
	at org.hibernate.service.internal.AbstractServiceRegistryImpl.getService(AbstractServiceRegistryImpl.java:214) ~[hibernate-core-5.4.15.Final.jar:5.4.15.Final]
	at org.hibernate.boot.internal.InFlightMetadataCollectorImpl.<init>(InFlightMetadataCollectorImpl.java:176) ~[hibernate-core-5.4.15.Final.jar:5.4.15.Final]
	at org.hibernate.boot.model.process.spi.MetadataBuildingProcess.complete(MetadataBuildingProcess.java:118) ~[hibernate-core-5.4.15.Final.jar:5.4.15.Final]
	at org.hibernate.jpa.boot.internal.EntityManagerFactoryBuilderImpl.metadata(EntityManagerFactoryBuilderImpl.java:1214) ~[hibernate-core-5.4.15.Final.jar:5.4.15.Final]
	at org.hibernate.jpa.boot.internal.EntityManagerFactoryBuilderImpl.build(EntityManagerFactoryBuilderImpl.java:1245) ~[hibernate-core-5.4.15.Final.jar:5.4.15.Final]
	at org.springframework.orm.jpa.vendor.SpringHibernateJpaPersistenceProvider.createContainerEntityManagerFactory(SpringHibernateJpaPersistenceProvider.java:58) ~[spring-orm-5.2.6.RELEASE.jar:5.2.6.RELEASE]
	at org.springframework.orm.jpa.LocalContainerEntityManagerFactoryBean.createNativeEntityManagerFactory(LocalContainerEntityManagerFactoryBean.java:365) ~[spring-orm-5.2.6.RELEASE.jar:5.2.6.RELEASE]
	at org.springframework.orm.jpa.AbstractEntityManagerFactoryBean.buildNativeEntityManagerFactory(AbstractEntityManagerFactoryBean.java:391) ~[spring-orm-5.2.6.RELEASE.jar:5.2.6.RELEASE]
	at java.util.concurrent.FutureTask.run(FutureTask.java:266) [?:1.8.0_251]
	at java.util.concurrent.ThreadPoolExecutor.runWorker(ThreadPoolExecutor.java:1149) [?:1.8.0_251]
	at java.util.concurrent.ThreadPoolExecutor$Worker.run(ThreadPoolExecutor.java:624) [?:1.8.0_251]
	at java.lang.Thread.run(Thread.java:748) [?:1.8.0_251]
Caused by: com.mysql.cj.exceptions.CJException: Public Key Retrieval is not allowed
	at sun.reflect.NativeConstructorAccessorImpl.newInstance0(Native Method) ~[?:1.8.0_251]
	at sun.reflect.NativeConstructorAccessorImpl.newInstance(NativeConstructorAccessorImpl.java:62) ~[?:1.8.0_251]
	at sun.reflect.DelegatingConstructorAccessorImpl.newInstance(DelegatingConstructorAccessorImpl.java:45) ~[?:1.8.0_251]
	at java.lang.reflect.Constructor.newInstance(Constructor.java:423) ~[?:1.8.0_251]
	at com.mysql.cj.exceptions.ExceptionFactory.createException(ExceptionFactory.java:61) ~[mysql-connector-java-8.0.20.jar:8.0.20]
	at com.mysql.cj.exceptions.ExceptionFactory.createException(ExceptionFactory.java:105) ~[mysql-connector-java-8.0.20.jar:8.0.20]
	at com.mysql.cj.exceptions.ExceptionFactory.createException(ExceptionFactory.java:151) ~[mysql-connector-java-8.0.20.jar:8.0.20]
	at com.mysql.cj.exceptions.ExceptionFactory.createException(ExceptionFactory.java:124) ~[mysql-connector-java-8.0.20.jar:8.0.20]
	at com.mysql.cj.protocol.a.authentication.CachingSha2PasswordPlugin.nextAuthenticationStep(CachingSha2PasswordPlugin.java:151) ~[mysql-connector-java-8.0.20.jar:8.0.20]
	at com.mysql.cj.protocol.a.authentication.CachingSha2PasswordPlugin.nextAuthenticationStep(CachingSha2PasswordPlugin.java:49) ~[mysql-connector-java-8.0.20.jar:8.0.20]
	at com.mysql.cj.protocol.a.NativeAuthenticationProvider.proceedHandshakeWithPluggableAuthentication(NativeAuthenticationProvider.java:438) ~[mysql-connector-java-8.0.20.jar:8.0.20]
	at com.mysql.cj.protocol.a.NativeAuthenticationProvider.connect(NativeAuthenticationProvider.java:171) ~[mysql-connector-java-8.0.20.jar:8.0.20]
	at com.mysql.cj.protocol.a.NativeProtocol.connect(NativeProtocol.java:1342) ~[mysql-connector-java-8.0.20.jar:8.0.20]
	at com.mysql.cj.NativeSession.connect(NativeSession.java:157) ~[mysql-connector-java-8.0.20.jar:8.0.20]
	at com.mysql.cj.jdbc.ConnectionImpl.connectWithRetries(ConnectionImpl.java:850) ~[mysql-connector-java-8.0.20.jar:8.0.20]
	... 34 more
Caused by: com.mysql.cj.exceptions.UnableToConnectException: Public Key Retrieval is not allowed
	at sun.reflect.NativeConstructorAccessorImpl.newInstance0(Native Method) ~[?:1.8.0_251]
	at sun.reflect.NativeConstructorAccessorImpl.newInstance(NativeConstructorAccessorImpl.java:62) ~[?:1.8.0_251]
	at sun.reflect.DelegatingConstructorAccessorImpl.newInstance(DelegatingConstructorAccessorImpl.java:45) ~[?:1.8.0_251]
	at java.lang.reflect.Constructor.newInstance(Constructor.java:423) ~[?:1.8.0_251]
	at com.mysql.cj.exceptions.ExceptionFactory.createException(ExceptionFactory.java:61) ~[mysql-connector-java-8.0.20.jar:8.0.20]
	at com.mysql.cj.exceptions.ExceptionFactory.createException(ExceptionFactory.java:85) ~[mysql-connector-java-8.0.20.jar:8.0.20]
	at com.mysql.cj.protocol.a.authentication.CachingSha2PasswordPlugin.nextAuthenticationStep(CachingSha2PasswordPlugin.java:128) ~[mysql-connector-java-8.0.20.jar:8.0.20]
	at com.mysql.cj.protocol.a.authentication.CachingSha2PasswordPlugin.nextAuthenticationStep(CachingSha2PasswordPlugin.java:49) ~[mysql-connector-java-8.0.20.jar:8.0.20]
	at com.mysql.cj.protocol.a.NativeAuthenticationProvider.proceedHandshakeWithPluggableAuthentication(NativeAuthenticationProvider.java:438) ~[mysql-connector-java-8.0.20.jar:8.0.20]
	at com.mysql.cj.protocol.a.NativeAuthenticationProvider.connect(NativeAuthenticationProvider.java:171) ~[mysql-connector-java-8.0.20.jar:8.0.20]
	at com.mysql.cj.protocol.a.NativeProtocol.connect(NativeProtocol.java:1342) ~[mysql-connector-java-8.0.20.jar:8.0.20]
	at com.mysql.cj.NativeSession.connect(NativeSession.java:157) ~[mysql-connector-java-8.0.20.jar:8.0.20]
	at com.mysql.cj.jdbc.ConnectionImpl.connectWithRetries(ConnectionImpl.java:850) ~[mysql-connector-java-8.0.20.jar:8.0.20]
	... 34 more
2020-10-18 17:28:47,055 INFO c.b.s.BmartApplication [restartedMain] Starting BmartApplication on LAPTOP-CUSUEL51 with PID 15540 (E:\app\bmart-workspace\bmart\target\classes started by Anaisha in E:\app\bmart-workspace\bmart)
2020-10-18 17:28:47,068 INFO c.b.s.BmartApplication [restartedMain] The following profiles are active: prod
2020-10-18 17:28:55,697 INFO c.b.s.BmartApplication [restartedMain] Started BmartApplication in 9.146 seconds (JVM running for 10.935)
2020-10-18 18:03:56,279 INFO c.b.s.BmartApplication [restartedMain] Starting BmartApplication on LAPTOP-CUSUEL51 with PID 15540 (E:\app\bmart-workspace\bmart\target\classes started by Anaisha in E:\app\bmart-workspace\bmart)
2020-10-18 18:03:56,281 INFO c.b.s.BmartApplication [restartedMain] The following profiles are active: prod
2020-10-18 18:03:58,146 INFO c.b.s.BmartApplication [restartedMain] Started BmartApplication in 2.003 seconds (JVM running for 2113.39)
2020-10-18 18:27:57,775 INFO c.b.s.BmartApplication [restartedMain] Starting BmartApplication on LAPTOP-CUSUEL51 with PID 15228 (E:\app\bmart-workspace\bmart\target\classes started by Anaisha in E:\app\bmart-workspace\bmart)
2020-10-18 18:27:57,796 INFO c.b.s.BmartApplication [restartedMain] The following profiles are active: prod
2020-10-18 18:28:08,013 INFO c.b.s.BmartApplication [restartedMain] Started BmartApplication in 11.015 seconds (JVM running for 21.944)
2020-10-18 18:32:47,414 INFO c.b.s.BmartApplication [restartedMain] Starting BmartApplication on LAPTOP-CUSUEL51 with PID 15228 (E:\app\bmart-workspace\bmart\target\classes started by Anaisha in E:\app\bmart-workspace\bmart)
2020-10-18 18:32:47,415 INFO c.b.s.BmartApplication [restartedMain] The following profiles are active: prod
2020-10-18 18:32:49,172 INFO c.b.s.BmartApplication [restartedMain] Started BmartApplication in 1.845 seconds (JVM running for 303.102)
2020-10-18 18:33:20,401 INFO c.b.s.BmartApplication [restartedMain] Starting BmartApplication on LAPTOP-CUSUEL51 with PID 15228 (E:\app\bmart-workspace\bmart\target\classes started by Anaisha in E:\app\bmart-workspace\bmart)
2020-10-18 18:33:20,403 DEBUG c.b.s.BmartApplication [restartedMain] Running with Spring Boot v2.3.0.RELEASE, Spring v5.2.6.RELEASE
2020-10-18 18:33:20,404 INFO c.b.s.BmartApplication [restartedMain] The following profiles are active: prod
2020-10-18 18:33:21,117 DEBUG c.b.s.BmartApplication$1 [restartedMain] Code archive: E:\app\software\path_conf_env\mavenRepo\org\springframework\boot\spring-boot\2.3.0.RELEASE\spring-boot-2.3.0.RELEASE.jar
2020-10-18 18:33:21,117 DEBUG c.b.s.BmartApplication$1 [restartedMain] Code archive: E:\app\software\path_conf_env\mavenRepo\org\springframework\boot\spring-boot\2.3.0.RELEASE\spring-boot-2.3.0.RELEASE.jar
2020-10-18 18:33:21,117 DEBUG c.b.s.BmartApplication$1 [restartedMain] None of the document roots [src/main/webapp, public, static] point to a directory and will be ignored.
2020-10-18 18:33:22,151 INFO c.b.s.BmartApplication [restartedMain] Started BmartApplication in 1.894 seconds (JVM running for 336.082)
2020-10-18 18:33:36,834 INFO c.b.s.BmartApplication [restartedMain] Starting BmartApplication on LAPTOP-CUSUEL51 with PID 18136 (E:\app\bmart-workspace\bmart\target\classes started by Anaisha in E:\app\bmart-workspace\bmart)
2020-10-18 18:33:36,844 DEBUG c.b.s.BmartApplication [restartedMain] Running with Spring Boot v2.3.0.RELEASE, Spring v5.2.6.RELEASE
2020-10-18 18:33:36,845 INFO c.b.s.BmartApplication [restartedMain] The following profiles are active: prod
2020-10-18 18:33:38,680 DEBUG c.b.s.BmartApplication$1 [restartedMain] Code archive: E:\app\software\path_conf_env\mavenRepo\org\springframework\boot\spring-boot\2.3.0.RELEASE\spring-boot-2.3.0.RELEASE.jar
2020-10-18 18:33:38,680 DEBUG c.b.s.BmartApplication$1 [restartedMain] Code archive: E:\app\software\path_conf_env\mavenRepo\org\springframework\boot\spring-boot\2.3.0.RELEASE\spring-boot-2.3.0.RELEASE.jar
2020-10-18 18:33:38,681 DEBUG c.b.s.BmartApplication$1 [restartedMain] None of the document roots [src/main/webapp, public, static] point to a directory and will be ignored.
2020-10-18 18:33:42,852 INFO c.b.s.BmartApplication [restartedMain] Started BmartApplication in 6.637 seconds (JVM running for 8.504)
2020-10-18 18:35:18,347 INFO c.b.s.BmartApplication [restartedMain] Starting BmartApplication on LAPTOP-CUSUEL51 with PID 18136 (E:\app\bmart-workspace\bmart\target\classes started by Anaisha in E:\app\bmart-workspace\bmart)
2020-10-18 18:35:18,348 INFO c.b.s.BmartApplication [restartedMain] The following profiles are active: prod
2020-10-18 18:35:19,926 INFO c.b.s.BmartApplication [restartedMain] Started BmartApplication in 1.636 seconds (JVM running for 105.578)
2020-10-19 00:06:58,674 INFO c.b.s.BmartApplication [restartedMain] Starting BmartApplication on LAPTOP-CUSUEL51 with PID 18136 (E:\app\bmart-workspace\bmart\target\classes started by Anaisha in E:\app\bmart-workspace\bmart)
2020-10-19 00:06:58,693 INFO c.b.s.BmartApplication [restartedMain] The following profiles are active: prod
2020-10-19 00:07:01,494 INFO c.b.s.BmartApplication [restartedMain] Started BmartApplication in 3.124 seconds (JVM running for 20007.189)
2020-10-19 00:07:41,254 INFO c.b.s.BmartApplication [restartedMain] Starting BmartApplication on LAPTOP-CUSUEL51 with PID 18136 (E:\app\bmart-workspace\bmart\target\classes started by Anaisha in E:\app\bmart-workspace\bmart)
2020-10-19 00:07:41,254 INFO c.b.s.BmartApplication [restartedMain] The following profiles are active: prod
2020-10-19 00:07:42,294 INFO c.b.s.BmartApplication [restartedMain] Started BmartApplication in 1.072 seconds (JVM running for 20047.984)
2020-10-19 00:09:28,603 INFO c.b.s.BmartApplication [restartedMain] Starting BmartApplication on LAPTOP-CUSUEL51 with PID 18136 (E:\app\bmart-workspace\bmart\target\classes started by Anaisha in E:\app\bmart-workspace\bmart)
2020-10-19 00:09:28,603 INFO c.b.s.BmartApplication [restartedMain] The following profiles are active: prod
2020-10-19 00:09:29,522 INFO c.b.s.BmartApplication [restartedMain] Started BmartApplication in 0.962 seconds (JVM running for 20155.212)
2020-10-19 00:09:50,196 INFO c.b.s.BmartApplication [restartedMain] Starting BmartApplication on LAPTOP-CUSUEL51 with PID 18136 (E:\app\bmart-workspace\bmart\target\classes started by Anaisha in E:\app\bmart-workspace\bmart)
2020-10-19 00:09:50,197 INFO c.b.s.BmartApplication [restartedMain] The following profiles are active: prod
2020-10-19 00:09:51,169 INFO c.b.s.BmartApplication [restartedMain] Started BmartApplication in 1.014 seconds (JVM running for 20176.859)
2020-10-19 00:10:15,870 INFO c.b.s.BmartApplication [restartedMain] Starting BmartApplication on LAPTOP-CUSUEL51 with PID 18136 (E:\app\bmart-workspace\bmart\target\classes started by Anaisha in E:\app\bmart-workspace\bmart)
2020-10-19 00:10:15,871 INFO c.b.s.BmartApplication [restartedMain] The following profiles are active: prod
2020-10-19 00:10:16,711 INFO c.b.s.BmartApplication [restartedMain] Started BmartApplication in 0.89 seconds (JVM running for 20202.402)
2020-10-19 00:10:22,198 INFO c.b.s.BmartApplication [restartedMain] Starting BmartApplication on LAPTOP-CUSUEL51 with PID 18136 (E:\app\bmart-workspace\bmart\target\classes started by Anaisha in E:\app\bmart-workspace\bmart)
2020-10-19 00:10:22,199 INFO c.b.s.BmartApplication [restartedMain] The following profiles are active: prod
2020-10-19 00:10:23,088 INFO c.b.s.BmartApplication [restartedMain] Started BmartApplication in 0.941 seconds (JVM running for 20208.788)
2020-10-19 00:10:32,620 INFO c.b.s.BmartApplication [restartedMain] Starting BmartApplication on LAPTOP-CUSUEL51 with PID 18136 (E:\app\bmart-workspace\bmart\target\classes started by Anaisha in E:\app\bmart-workspace\bmart)
2020-10-19 00:10:32,621 INFO c.b.s.BmartApplication [restartedMain] The following profiles are active: prod
2020-10-19 00:10:33,527 INFO c.b.s.BmartApplication [restartedMain] Started BmartApplication in 0.95 seconds (JVM running for 20219.224)
2020-10-19 00:11:32,480 INFO c.b.s.BmartApplication [restartedMain] Starting BmartApplication on LAPTOP-CUSUEL51 with PID 18136 (E:\app\bmart-workspace\bmart\target\classes started by Anaisha in E:\app\bmart-workspace\bmart)
2020-10-19 00:11:32,481 INFO c.b.s.BmartApplication [restartedMain] The following profiles are active: prod
2020-10-19 00:11:33,327 INFO c.b.s.BmartApplication [restartedMain] Started BmartApplication in 0.901 seconds (JVM running for 20279.021)
2020-10-19 00:11:40,856 INFO c.b.s.BmartApplication [restartedMain] Starting BmartApplication on LAPTOP-CUSUEL51 with PID 18136 (E:\app\bmart-workspace\bmart\target\classes started by Anaisha in E:\app\bmart-workspace\bmart)
2020-10-19 00:11:40,856 INFO c.b.s.BmartApplication [restartedMain] The following profiles are active: prod
2020-10-19 00:11:41,681 INFO c.b.s.BmartApplication [restartedMain] Started BmartApplication in 0.863 seconds (JVM running for 20287.373)
2020-10-19 00:12:14,759 INFO c.b.s.BmartApplication [restartedMain] Starting BmartApplication on LAPTOP-CUSUEL51 with PID 18136 (E:\app\bmart-workspace\bmart\target\classes started by Anaisha in E:\app\bmart-workspace\bmart)
2020-10-19 00:12:14,760 INFO c.b.s.BmartApplication [restartedMain] The following profiles are active: prod
2020-10-19 00:12:15,683 INFO c.b.s.BmartApplication [restartedMain] Started BmartApplication in 0.961 seconds (JVM running for 20321.373)
2020-10-19 00:12:58,465 INFO c.b.s.BmartApplication [restartedMain] Starting BmartApplication on LAPTOP-CUSUEL51 with PID 18136 (E:\app\bmart-workspace\bmart\target\classes started by Anaisha in E:\app\bmart-workspace\bmart)
2020-10-19 00:12:58,466 INFO c.b.s.BmartApplication [restartedMain] The following profiles are active: prod
2020-10-19 00:12:59,294 INFO c.b.s.BmartApplication [restartedMain] Started BmartApplication in 0.863 seconds (JVM running for 20364.984)
2020-10-19 00:17:37,481 INFO c.b.s.BmartApplication [restartedMain] Starting BmartApplication on LAPTOP-CUSUEL51 with PID 20012 (E:\app\bmart-workspace\bmart\target\classes started by Anaisha in E:\app\bmart-workspace\bmart)
2020-10-19 00:17:37,489 INFO c.b.s.BmartApplication [restartedMain] The following profiles are active: prod
2020-10-19 00:17:41,980 INFO c.b.s.BmartApplication [restartedMain] Started BmartApplication in 4.768 seconds (JVM running for 5.8)
2020-10-19 00:38:46,210 INFO c.b.s.BmartApplication [restartedMain] Starting BmartApplication on LAPTOP-CUSUEL51 with PID 20012 (E:\app\bmart-workspace\bmart\target\classes started by Anaisha in E:\app\bmart-workspace\bmart)
2020-10-19 00:38:46,211 INFO c.b.s.BmartApplication [restartedMain] The following profiles are active: prod
2020-10-19 00:38:47,796 INFO c.b.s.BmartApplication [restartedMain] Started BmartApplication in 1.642 seconds (JVM running for 1271.615)
2020-10-19 00:39:07,582 INFO c.b.s.BmartApplication [restartedMain] Starting BmartApplication on LAPTOP-CUSUEL51 with PID 20012 (E:\app\bmart-workspace\bmart\target\classes started by Anaisha in E:\app\bmart-workspace\bmart)
2020-10-19 00:39:07,582 INFO c.b.s.BmartApplication [restartedMain] The following profiles are active: prod
2020-10-19 00:39:36,296 INFO c.b.s.BmartApplication [restartedMain] Starting BmartApplication on LAPTOP-CUSUEL51 with PID 20012 (E:\app\bmart-workspace\bmart\target\classes started by Anaisha in E:\app\bmart-workspace\bmart)
2020-10-19 00:39:36,298 INFO c.b.s.BmartApplication [restartedMain] The following profiles are active: prod
2020-10-19 00:39:36,863 ERROR o.a.c.u.LifecycleBase [restartedMain] Failed to initialize component [Connector[org.apache.coyote.http11.Http11NioProtocol-8443]]
org.apache.catalina.LifecycleException: Protocol handler initialization failed
	at org.apache.catalina.connector.Connector.initInternal(Connector.java:1033) ~[tomcat-embed-core-9.0.35.jar:9.0.35]
	at org.apache.catalina.util.LifecycleBase.init(LifecycleBase.java:136) [tomcat-embed-core-9.0.35.jar:9.0.35]
	at org.apache.catalina.core.StandardService.initInternal(StandardService.java:533) [tomcat-embed-core-9.0.35.jar:9.0.35]
	at org.apache.catalina.util.LifecycleBase.init(LifecycleBase.java:136) [tomcat-embed-core-9.0.35.jar:9.0.35]
	at org.apache.catalina.core.StandardServer.initInternal(StandardServer.java:1057) [tomcat-embed-core-9.0.35.jar:9.0.35]
	at org.apache.catalina.util.LifecycleBase.init(LifecycleBase.java:136) [tomcat-embed-core-9.0.35.jar:9.0.35]
	at org.apache.catalina.util.LifecycleBase.start(LifecycleBase.java:173) [tomcat-embed-core-9.0.35.jar:9.0.35]
	at org.apache.catalina.startup.Tomcat.start(Tomcat.java:468) [tomcat-embed-core-9.0.35.jar:9.0.35]
	at org.springframework.boot.web.embedded.tomcat.TomcatWebServer.initialize(TomcatWebServer.java:123) [spring-boot-2.3.0.RELEASE.jar:2.3.0.RELEASE]
	at org.springframework.boot.web.embedded.tomcat.TomcatWebServer.<init>(TomcatWebServer.java:104) [spring-boot-2.3.0.RELEASE.jar:2.3.0.RELEASE]
	at org.springframework.boot.web.embedded.tomcat.TomcatServletWebServerFactory.getTomcatWebServer(TomcatServletWebServerFactory.java:437) [spring-boot-2.3.0.RELEASE.jar:2.3.0.RELEASE]
	at org.springframework.boot.web.embedded.tomcat.TomcatServletWebServerFactory.getWebServer(TomcatServletWebServerFactory.java:191) [spring-boot-2.3.0.RELEASE.jar:2.3.0.RELEASE]
	at org.springframework.boot.web.servlet.context.ServletWebServerApplicationContext.createWebServer(ServletWebServerApplicationContext.java:176) [spring-boot-2.3.0.RELEASE.jar:2.3.0.RELEASE]
	at org.springframework.boot.web.servlet.context.ServletWebServerApplicationContext.onRefresh(ServletWebServerApplicationContext.java:158) [spring-boot-2.3.0.RELEASE.jar:2.3.0.RELEASE]
	at org.springframework.context.support.AbstractApplicationContext.refresh(AbstractApplicationContext.java:544) [spring-context-5.2.6.RELEASE.jar:5.2.6.RELEASE]
	at org.springframework.boot.web.servlet.context.ServletWebServerApplicationContext.refresh(ServletWebServerApplicationContext.java:143) [spring-boot-2.3.0.RELEASE.jar:2.3.0.RELEASE]
	at org.springframework.boot.SpringApplication.refresh(SpringApplication.java:758) [spring-boot-2.3.0.RELEASE.jar:2.3.0.RELEASE]
	at org.springframework.boot.SpringApplication.refresh(SpringApplication.java:750) [spring-boot-2.3.0.RELEASE.jar:2.3.0.RELEASE]
	at org.springframework.boot.SpringApplication.refreshContext(SpringApplication.java:397) [spring-boot-2.3.0.RELEASE.jar:2.3.0.RELEASE]
	at org.springframework.boot.SpringApplication.run(SpringApplication.java:315) [spring-boot-2.3.0.RELEASE.jar:2.3.0.RELEASE]
	at org.springframework.boot.SpringApplication.run(SpringApplication.java:1237) [spring-boot-2.3.0.RELEASE.jar:2.3.0.RELEASE]
	at org.springframework.boot.SpringApplication.run(SpringApplication.java:1226) [spring-boot-2.3.0.RELEASE.jar:2.3.0.RELEASE]
	at com.bmart.shopping.BmartApplication.main(BmartApplication.java:25) [classes/:?]
	at sun.reflect.NativeMethodAccessorImpl.invoke0(Native Method) ~[?:1.8.0_251]
	at sun.reflect.NativeMethodAccessorImpl.invoke(NativeMethodAccessorImpl.java:62) ~[?:1.8.0_251]
	at sun.reflect.DelegatingMethodAccessorImpl.invoke(DelegatingMethodAccessorImpl.java:43) ~[?:1.8.0_251]
	at java.lang.reflect.Method.invoke(Method.java:498) ~[?:1.8.0_251]
	at org.springframework.boot.devtools.restart.RestartLauncher.run(RestartLauncher.java:49) [spring-boot-devtools-2.3.0.RELEASE.jar:2.3.0.RELEASE]
Caused by: java.net.BindException: Address already in use: bind
	at sun.nio.ch.Net.bind0(Native Method) ~[?:1.8.0_251]
	at sun.nio.ch.Net.bind(Net.java:433) ~[?:1.8.0_251]
	at sun.nio.ch.Net.bind(Net.java:425) ~[?:1.8.0_251]
	at sun.nio.ch.ServerSocketChannelImpl.bind(ServerSocketChannelImpl.java:223) ~[?:1.8.0_251]
	at sun.nio.ch.ServerSocketAdaptor.bind(ServerSocketAdaptor.java:74) ~[?:1.8.0_251]
	at org.apache.tomcat.util.net.NioEndpoint.initServerSocket(NioEndpoint.java:228) ~[tomcat-embed-core-9.0.35.jar:9.0.35]
	at org.apache.tomcat.util.net.NioEndpoint.bind(NioEndpoint.java:211) ~[tomcat-embed-core-9.0.35.jar:9.0.35]
	at org.apache.tomcat.util.net.AbstractEndpoint.bindWithCleanup(AbstractEndpoint.java:1141) ~[tomcat-embed-core-9.0.35.jar:9.0.35]
	at org.apache.tomcat.util.net.AbstractEndpoint.init(AbstractEndpoint.java:1154) ~[tomcat-embed-core-9.0.35.jar:9.0.35]
	at org.apache.coyote.AbstractProtocol.init(AbstractProtocol.java:581) ~[tomcat-embed-core-9.0.35.jar:9.0.35]
	at org.apache.coyote.http11.AbstractHttp11Protocol.init(AbstractHttp11Protocol.java:74) ~[tomcat-embed-core-9.0.35.jar:9.0.35]
	at org.apache.catalina.connector.Connector.initInternal(Connector.java:1030) ~[tomcat-embed-core-9.0.35.jar:9.0.35]
	... 27 more
2020-10-19 00:39:56,884 INFO c.b.s.BmartApplication [restartedMain] Starting BmartApplication on LAPTOP-CUSUEL51 with PID 20012 (E:\app\bmart-workspace\bmart\target\classes started by Anaisha in E:\app\bmart-workspace\bmart)
2020-10-19 00:39:56,885 INFO c.b.s.BmartApplication [restartedMain] The following profiles are active: prod
2020-10-19 00:39:57,499 ERROR o.a.c.u.LifecycleBase [restartedMain] Failed to initialize component [Connector[org.apache.coyote.http11.Http11NioProtocol-8443]]
org.apache.catalina.LifecycleException: Protocol handler initialization failed
	at org.apache.catalina.connector.Connector.initInternal(Connector.java:1033) ~[tomcat-embed-core-9.0.35.jar:9.0.35]
	at org.apache.catalina.util.LifecycleBase.init(LifecycleBase.java:136) [tomcat-embed-core-9.0.35.jar:9.0.35]
	at org.apache.catalina.core.StandardService.initInternal(StandardService.java:533) [tomcat-embed-core-9.0.35.jar:9.0.35]
	at org.apache.catalina.util.LifecycleBase.init(LifecycleBase.java:136) [tomcat-embed-core-9.0.35.jar:9.0.35]
	at org.apache.catalina.core.StandardServer.initInternal(StandardServer.java:1057) [tomcat-embed-core-9.0.35.jar:9.0.35]
	at org.apache.catalina.util.LifecycleBase.init(LifecycleBase.java:136) [tomcat-embed-core-9.0.35.jar:9.0.35]
	at org.apache.catalina.util.LifecycleBase.start(LifecycleBase.java:173) [tomcat-embed-core-9.0.35.jar:9.0.35]
	at org.apache.catalina.startup.Tomcat.start(Tomcat.java:468) [tomcat-embed-core-9.0.35.jar:9.0.35]
	at org.springframework.boot.web.embedded.tomcat.TomcatWebServer.initialize(TomcatWebServer.java:123) [spring-boot-2.3.0.RELEASE.jar:2.3.0.RELEASE]
	at org.springframework.boot.web.embedded.tomcat.TomcatWebServer.<init>(TomcatWebServer.java:104) [spring-boot-2.3.0.RELEASE.jar:2.3.0.RELEASE]
	at org.springframework.boot.web.embedded.tomcat.TomcatServletWebServerFactory.getTomcatWebServer(TomcatServletWebServerFactory.java:437) [spring-boot-2.3.0.RELEASE.jar:2.3.0.RELEASE]
	at org.springframework.boot.web.embedded.tomcat.TomcatServletWebServerFactory.getWebServer(TomcatServletWebServerFactory.java:191) [spring-boot-2.3.0.RELEASE.jar:2.3.0.RELEASE]
	at org.springframework.boot.web.servlet.context.ServletWebServerApplicationContext.createWebServer(ServletWebServerApplicationContext.java:176) [spring-boot-2.3.0.RELEASE.jar:2.3.0.RELEASE]
	at org.springframework.boot.web.servlet.context.ServletWebServerApplicationContext.onRefresh(ServletWebServerApplicationContext.java:158) [spring-boot-2.3.0.RELEASE.jar:2.3.0.RELEASE]
	at org.springframework.context.support.AbstractApplicationContext.refresh(AbstractApplicationContext.java:544) [spring-context-5.2.6.RELEASE.jar:5.2.6.RELEASE]
	at org.springframework.boot.web.servlet.context.ServletWebServerApplicationContext.refresh(ServletWebServerApplicationContext.java:143) [spring-boot-2.3.0.RELEASE.jar:2.3.0.RELEASE]
	at org.springframework.boot.SpringApplication.refresh(SpringApplication.java:758) [spring-boot-2.3.0.RELEASE.jar:2.3.0.RELEASE]
	at org.springframework.boot.SpringApplication.refresh(SpringApplication.java:750) [spring-boot-2.3.0.RELEASE.jar:2.3.0.RELEASE]
	at org.springframework.boot.SpringApplication.refreshContext(SpringApplication.java:397) [spring-boot-2.3.0.RELEASE.jar:2.3.0.RELEASE]
	at org.springframework.boot.SpringApplication.run(SpringApplication.java:315) [spring-boot-2.3.0.RELEASE.jar:2.3.0.RELEASE]
	at org.springframework.boot.SpringApplication.run(SpringApplication.java:1237) [spring-boot-2.3.0.RELEASE.jar:2.3.0.RELEASE]
	at org.springframework.boot.SpringApplication.run(SpringApplication.java:1226) [spring-boot-2.3.0.RELEASE.jar:2.3.0.RELEASE]
	at com.bmart.shopping.BmartApplication.main(BmartApplication.java:25) [classes/:?]
	at sun.reflect.NativeMethodAccessorImpl.invoke0(Native Method) ~[?:1.8.0_251]
	at sun.reflect.NativeMethodAccessorImpl.invoke(NativeMethodAccessorImpl.java:62) ~[?:1.8.0_251]
	at sun.reflect.DelegatingMethodAccessorImpl.invoke(DelegatingMethodAccessorImpl.java:43) ~[?:1.8.0_251]
	at java.lang.reflect.Method.invoke(Method.java:498) ~[?:1.8.0_251]
	at org.springframework.boot.devtools.restart.RestartLauncher.run(RestartLauncher.java:49) [spring-boot-devtools-2.3.0.RELEASE.jar:2.3.0.RELEASE]
Caused by: java.net.BindException: Address already in use: bind
	at sun.nio.ch.Net.bind0(Native Method) ~[?:1.8.0_251]
	at sun.nio.ch.Net.bind(Net.java:433) ~[?:1.8.0_251]
	at sun.nio.ch.Net.bind(Net.java:425) ~[?:1.8.0_251]
	at sun.nio.ch.ServerSocketChannelImpl.bind(ServerSocketChannelImpl.java:223) ~[?:1.8.0_251]
	at sun.nio.ch.ServerSocketAdaptor.bind(ServerSocketAdaptor.java:74) ~[?:1.8.0_251]
	at org.apache.tomcat.util.net.NioEndpoint.initServerSocket(NioEndpoint.java:228) ~[tomcat-embed-core-9.0.35.jar:9.0.35]
	at org.apache.tomcat.util.net.NioEndpoint.bind(NioEndpoint.java:211) ~[tomcat-embed-core-9.0.35.jar:9.0.35]
	at org.apache.tomcat.util.net.AbstractEndpoint.bindWithCleanup(AbstractEndpoint.java:1141) ~[tomcat-embed-core-9.0.35.jar:9.0.35]
	at org.apache.tomcat.util.net.AbstractEndpoint.init(AbstractEndpoint.java:1154) ~[tomcat-embed-core-9.0.35.jar:9.0.35]
	at org.apache.coyote.AbstractProtocol.init(AbstractProtocol.java:581) ~[tomcat-embed-core-9.0.35.jar:9.0.35]
	at org.apache.coyote.http11.AbstractHttp11Protocol.init(AbstractHttp11Protocol.java:74) ~[tomcat-embed-core-9.0.35.jar:9.0.35]
	at org.apache.catalina.connector.Connector.initInternal(Connector.java:1030) ~[tomcat-embed-core-9.0.35.jar:9.0.35]
	... 27 more
2020-10-19 00:40:39,850 INFO c.b.s.BmartApplication [restartedMain] Starting BmartApplication on LAPTOP-CUSUEL51 with PID 20012 (E:\app\bmart-workspace\bmart\target\classes started by Anaisha in E:\app\bmart-workspace\bmart)
2020-10-19 00:40:39,851 INFO c.b.s.BmartApplication [restartedMain] The following profiles are active: prod
2020-10-19 00:40:40,401 ERROR o.a.c.u.LifecycleBase [restartedMain] Failed to initialize component [Connector[org.apache.coyote.http11.Http11NioProtocol-8443]]
org.apache.catalina.LifecycleException: Protocol handler initialization failed
	at org.apache.catalina.connector.Connector.initInternal(Connector.java:1033) ~[tomcat-embed-core-9.0.35.jar:9.0.35]
	at org.apache.catalina.util.LifecycleBase.init(LifecycleBase.java:136) [tomcat-embed-core-9.0.35.jar:9.0.35]
	at org.apache.catalina.core.StandardService.initInternal(StandardService.java:533) [tomcat-embed-core-9.0.35.jar:9.0.35]
	at org.apache.catalina.util.LifecycleBase.init(LifecycleBase.java:136) [tomcat-embed-core-9.0.35.jar:9.0.35]
	at org.apache.catalina.core.StandardServer.initInternal(StandardServer.java:1057) [tomcat-embed-core-9.0.35.jar:9.0.35]
	at org.apache.catalina.util.LifecycleBase.init(LifecycleBase.java:136) [tomcat-embed-core-9.0.35.jar:9.0.35]
	at org.apache.catalina.util.LifecycleBase.start(LifecycleBase.java:173) [tomcat-embed-core-9.0.35.jar:9.0.35]
	at org.apache.catalina.startup.Tomcat.start(Tomcat.java:468) [tomcat-embed-core-9.0.35.jar:9.0.35]
	at org.springframework.boot.web.embedded.tomcat.TomcatWebServer.initialize(TomcatWebServer.java:123) [spring-boot-2.3.0.RELEASE.jar:2.3.0.RELEASE]
	at org.springframework.boot.web.embedded.tomcat.TomcatWebServer.<init>(TomcatWebServer.java:104) [spring-boot-2.3.0.RELEASE.jar:2.3.0.RELEASE]
	at org.springframework.boot.web.embedded.tomcat.TomcatServletWebServerFactory.getTomcatWebServer(TomcatServletWebServerFactory.java:437) [spring-boot-2.3.0.RELEASE.jar:2.3.0.RELEASE]
	at org.springframework.boot.web.embedded.tomcat.TomcatServletWebServerFactory.getWebServer(TomcatServletWebServerFactory.java:191) [spring-boot-2.3.0.RELEASE.jar:2.3.0.RELEASE]
	at org.springframework.boot.web.servlet.context.ServletWebServerApplicationContext.createWebServer(ServletWebServerApplicationContext.java:176) [spring-boot-2.3.0.RELEASE.jar:2.3.0.RELEASE]
	at org.springframework.boot.web.servlet.context.ServletWebServerApplicationContext.onRefresh(ServletWebServerApplicationContext.java:158) [spring-boot-2.3.0.RELEASE.jar:2.3.0.RELEASE]
	at org.springframework.context.support.AbstractApplicationContext.refresh(AbstractApplicationContext.java:544) [spring-context-5.2.6.RELEASE.jar:5.2.6.RELEASE]
	at org.springframework.boot.web.servlet.context.ServletWebServerApplicationContext.refresh(ServletWebServerApplicationContext.java:143) [spring-boot-2.3.0.RELEASE.jar:2.3.0.RELEASE]
	at org.springframework.boot.SpringApplication.refresh(SpringApplication.java:758) [spring-boot-2.3.0.RELEASE.jar:2.3.0.RELEASE]
	at org.springframework.boot.SpringApplication.refresh(SpringApplication.java:750) [spring-boot-2.3.0.RELEASE.jar:2.3.0.RELEASE]
	at org.springframework.boot.SpringApplication.refreshContext(SpringApplication.java:397) [spring-boot-2.3.0.RELEASE.jar:2.3.0.RELEASE]
	at org.springframework.boot.SpringApplication.run(SpringApplication.java:315) [spring-boot-2.3.0.RELEASE.jar:2.3.0.RELEASE]
	at org.springframework.boot.SpringApplication.run(SpringApplication.java:1237) [spring-boot-2.3.0.RELEASE.jar:2.3.0.RELEASE]
	at org.springframework.boot.SpringApplication.run(SpringApplication.java:1226) [spring-boot-2.3.0.RELEASE.jar:2.3.0.RELEASE]
	at com.bmart.shopping.BmartApplication.main(BmartApplication.java:25) [classes/:?]
	at sun.reflect.NativeMethodAccessorImpl.invoke0(Native Method) ~[?:1.8.0_251]
	at sun.reflect.NativeMethodAccessorImpl.invoke(NativeMethodAccessorImpl.java:62) ~[?:1.8.0_251]
	at sun.reflect.DelegatingMethodAccessorImpl.invoke(DelegatingMethodAccessorImpl.java:43) ~[?:1.8.0_251]
	at java.lang.reflect.Method.invoke(Method.java:498) ~[?:1.8.0_251]
	at org.springframework.boot.devtools.restart.RestartLauncher.run(RestartLauncher.java:49) [spring-boot-devtools-2.3.0.RELEASE.jar:2.3.0.RELEASE]
Caused by: java.net.BindException: Address already in use: bind
	at sun.nio.ch.Net.bind0(Native Method) ~[?:1.8.0_251]
	at sun.nio.ch.Net.bind(Net.java:433) ~[?:1.8.0_251]
	at sun.nio.ch.Net.bind(Net.java:425) ~[?:1.8.0_251]
	at sun.nio.ch.ServerSocketChannelImpl.bind(ServerSocketChannelImpl.java:223) ~[?:1.8.0_251]
	at sun.nio.ch.ServerSocketAdaptor.bind(ServerSocketAdaptor.java:74) ~[?:1.8.0_251]
	at org.apache.tomcat.util.net.NioEndpoint.initServerSocket(NioEndpoint.java:228) ~[tomcat-embed-core-9.0.35.jar:9.0.35]
	at org.apache.tomcat.util.net.NioEndpoint.bind(NioEndpoint.java:211) ~[tomcat-embed-core-9.0.35.jar:9.0.35]
	at org.apache.tomcat.util.net.AbstractEndpoint.bindWithCleanup(AbstractEndpoint.java:1141) ~[tomcat-embed-core-9.0.35.jar:9.0.35]
	at org.apache.tomcat.util.net.AbstractEndpoint.init(AbstractEndpoint.java:1154) ~[tomcat-embed-core-9.0.35.jar:9.0.35]
	at org.apache.coyote.AbstractProtocol.init(AbstractProtocol.java:581) ~[tomcat-embed-core-9.0.35.jar:9.0.35]
	at org.apache.coyote.http11.AbstractHttp11Protocol.init(AbstractHttp11Protocol.java:74) ~[tomcat-embed-core-9.0.35.jar:9.0.35]
	at org.apache.catalina.connector.Connector.initInternal(Connector.java:1030) ~[tomcat-embed-core-9.0.35.jar:9.0.35]
	... 27 more
2020-10-19 00:40:46,166 INFO c.b.s.BmartApplication [restartedMain] Starting BmartApplication on LAPTOP-CUSUEL51 with PID 20012 (E:\app\bmart-workspace\bmart\target\classes started by Anaisha in E:\app\bmart-workspace\bmart)
2020-10-19 00:40:46,166 INFO c.b.s.BmartApplication [restartedMain] The following profiles are active: prod
2020-10-19 00:40:46,669 ERROR o.a.c.u.LifecycleBase [restartedMain] Failed to initialize component [Connector[org.apache.coyote.http11.Http11NioProtocol-8443]]
org.apache.catalina.LifecycleException: Protocol handler initialization failed
	at org.apache.catalina.connector.Connector.initInternal(Connector.java:1033) ~[tomcat-embed-core-9.0.35.jar:9.0.35]
	at org.apache.catalina.util.LifecycleBase.init(LifecycleBase.java:136) [tomcat-embed-core-9.0.35.jar:9.0.35]
	at org.apache.catalina.core.StandardService.initInternal(StandardService.java:533) [tomcat-embed-core-9.0.35.jar:9.0.35]
	at org.apache.catalina.util.LifecycleBase.init(LifecycleBase.java:136) [tomcat-embed-core-9.0.35.jar:9.0.35]
	at org.apache.catalina.core.StandardServer.initInternal(StandardServer.java:1057) [tomcat-embed-core-9.0.35.jar:9.0.35]
	at org.apache.catalina.util.LifecycleBase.init(LifecycleBase.java:136) [tomcat-embed-core-9.0.35.jar:9.0.35]
	at org.apache.catalina.util.LifecycleBase.start(LifecycleBase.java:173) [tomcat-embed-core-9.0.35.jar:9.0.35]
	at org.apache.catalina.startup.Tomcat.start(Tomcat.java:468) [tomcat-embed-core-9.0.35.jar:9.0.35]
	at org.springframework.boot.web.embedded.tomcat.TomcatWebServer.initialize(TomcatWebServer.java:123) [spring-boot-2.3.0.RELEASE.jar:2.3.0.RELEASE]
	at org.springframework.boot.web.embedded.tomcat.TomcatWebServer.<init>(TomcatWebServer.java:104) [spring-boot-2.3.0.RELEASE.jar:2.3.0.RELEASE]
	at org.springframework.boot.web.embedded.tomcat.TomcatServletWebServerFactory.getTomcatWebServer(TomcatServletWebServerFactory.java:437) [spring-boot-2.3.0.RELEASE.jar:2.3.0.RELEASE]
	at org.springframework.boot.web.embedded.tomcat.TomcatServletWebServerFactory.getWebServer(TomcatServletWebServerFactory.java:191) [spring-boot-2.3.0.RELEASE.jar:2.3.0.RELEASE]
	at org.springframework.boot.web.servlet.context.ServletWebServerApplicationContext.createWebServer(ServletWebServerApplicationContext.java:176) [spring-boot-2.3.0.RELEASE.jar:2.3.0.RELEASE]
	at org.springframework.boot.web.servlet.context.ServletWebServerApplicationContext.onRefresh(ServletWebServerApplicationContext.java:158) [spring-boot-2.3.0.RELEASE.jar:2.3.0.RELEASE]
	at org.springframework.context.support.AbstractApplicationContext.refresh(AbstractApplicationContext.java:544) [spring-context-5.2.6.RELEASE.jar:5.2.6.RELEASE]
	at org.springframework.boot.web.servlet.context.ServletWebServerApplicationContext.refresh(ServletWebServerApplicationContext.java:143) [spring-boot-2.3.0.RELEASE.jar:2.3.0.RELEASE]
	at org.springframework.boot.SpringApplication.refresh(SpringApplication.java:758) [spring-boot-2.3.0.RELEASE.jar:2.3.0.RELEASE]
	at org.springframework.boot.SpringApplication.refresh(SpringApplication.java:750) [spring-boot-2.3.0.RELEASE.jar:2.3.0.RELEASE]
	at org.springframework.boot.SpringApplication.refreshContext(SpringApplication.java:397) [spring-boot-2.3.0.RELEASE.jar:2.3.0.RELEASE]
	at org.springframework.boot.SpringApplication.run(SpringApplication.java:315) [spring-boot-2.3.0.RELEASE.jar:2.3.0.RELEASE]
	at org.springframework.boot.SpringApplication.run(SpringApplication.java:1237) [spring-boot-2.3.0.RELEASE.jar:2.3.0.RELEASE]
	at org.springframework.boot.SpringApplication.run(SpringApplication.java:1226) [spring-boot-2.3.0.RELEASE.jar:2.3.0.RELEASE]
	at com.bmart.shopping.BmartApplication.main(BmartApplication.java:25) [classes/:?]
	at sun.reflect.NativeMethodAccessorImpl.invoke0(Native Method) ~[?:1.8.0_251]
	at sun.reflect.NativeMethodAccessorImpl.invoke(NativeMethodAccessorImpl.java:62) ~[?:1.8.0_251]
	at sun.reflect.DelegatingMethodAccessorImpl.invoke(DelegatingMethodAccessorImpl.java:43) ~[?:1.8.0_251]
	at java.lang.reflect.Method.invoke(Method.java:498) ~[?:1.8.0_251]
	at org.springframework.boot.devtools.restart.RestartLauncher.run(RestartLauncher.java:49) [spring-boot-devtools-2.3.0.RELEASE.jar:2.3.0.RELEASE]
Caused by: java.net.BindException: Address already in use: bind
	at sun.nio.ch.Net.bind0(Native Method) ~[?:1.8.0_251]
	at sun.nio.ch.Net.bind(Net.java:433) ~[?:1.8.0_251]
	at sun.nio.ch.Net.bind(Net.java:425) ~[?:1.8.0_251]
	at sun.nio.ch.ServerSocketChannelImpl.bind(ServerSocketChannelImpl.java:223) ~[?:1.8.0_251]
	at sun.nio.ch.ServerSocketAdaptor.bind(ServerSocketAdaptor.java:74) ~[?:1.8.0_251]
	at org.apache.tomcat.util.net.NioEndpoint.initServerSocket(NioEndpoint.java:228) ~[tomcat-embed-core-9.0.35.jar:9.0.35]
	at org.apache.tomcat.util.net.NioEndpoint.bind(NioEndpoint.java:211) ~[tomcat-embed-core-9.0.35.jar:9.0.35]
	at org.apache.tomcat.util.net.AbstractEndpoint.bindWithCleanup(AbstractEndpoint.java:1141) ~[tomcat-embed-core-9.0.35.jar:9.0.35]
	at org.apache.tomcat.util.net.AbstractEndpoint.init(AbstractEndpoint.java:1154) ~[tomcat-embed-core-9.0.35.jar:9.0.35]
	at org.apache.coyote.AbstractProtocol.init(AbstractProtocol.java:581) ~[tomcat-embed-core-9.0.35.jar:9.0.35]
	at org.apache.coyote.http11.AbstractHttp11Protocol.init(AbstractHttp11Protocol.java:74) ~[tomcat-embed-core-9.0.35.jar:9.0.35]
	at org.apache.catalina.connector.Connector.initInternal(Connector.java:1030) ~[tomcat-embed-core-9.0.35.jar:9.0.35]
	... 27 more
2020-10-19 00:40:57,491 INFO c.b.s.BmartApplication [restartedMain] Starting BmartApplication on LAPTOP-CUSUEL51 with PID 20012 (E:\app\bmart-workspace\bmart\target\classes started by Anaisha in E:\app\bmart-workspace\bmart)
2020-10-19 00:40:57,491 INFO c.b.s.BmartApplication [restartedMain] The following profiles are active: prod
2020-10-19 00:40:58,000 ERROR o.a.c.u.LifecycleBase [restartedMain] Failed to initialize component [Connector[org.apache.coyote.http11.Http11NioProtocol-8443]]
org.apache.catalina.LifecycleException: Protocol handler initialization failed
	at org.apache.catalina.connector.Connector.initInternal(Connector.java:1033) ~[tomcat-embed-core-9.0.35.jar:9.0.35]
	at org.apache.catalina.util.LifecycleBase.init(LifecycleBase.java:136) [tomcat-embed-core-9.0.35.jar:9.0.35]
	at org.apache.catalina.core.StandardService.initInternal(StandardService.java:533) [tomcat-embed-core-9.0.35.jar:9.0.35]
	at org.apache.catalina.util.LifecycleBase.init(LifecycleBase.java:136) [tomcat-embed-core-9.0.35.jar:9.0.35]
	at org.apache.catalina.core.StandardServer.initInternal(StandardServer.java:1057) [tomcat-embed-core-9.0.35.jar:9.0.35]
	at org.apache.catalina.util.LifecycleBase.init(LifecycleBase.java:136) [tomcat-embed-core-9.0.35.jar:9.0.35]
	at org.apache.catalina.util.LifecycleBase.start(LifecycleBase.java:173) [tomcat-embed-core-9.0.35.jar:9.0.35]
	at org.apache.catalina.startup.Tomcat.start(Tomcat.java:468) [tomcat-embed-core-9.0.35.jar:9.0.35]
	at org.springframework.boot.web.embedded.tomcat.TomcatWebServer.initialize(TomcatWebServer.java:123) [spring-boot-2.3.0.RELEASE.jar:2.3.0.RELEASE]
	at org.springframework.boot.web.embedded.tomcat.TomcatWebServer.<init>(TomcatWebServer.java:104) [spring-boot-2.3.0.RELEASE.jar:2.3.0.RELEASE]
	at org.springframework.boot.web.embedded.tomcat.TomcatServletWebServerFactory.getTomcatWebServer(TomcatServletWebServerFactory.java:437) [spring-boot-2.3.0.RELEASE.jar:2.3.0.RELEASE]
	at org.springframework.boot.web.embedded.tomcat.TomcatServletWebServerFactory.getWebServer(TomcatServletWebServerFactory.java:191) [spring-boot-2.3.0.RELEASE.jar:2.3.0.RELEASE]
	at org.springframework.boot.web.servlet.context.ServletWebServerApplicationContext.createWebServer(ServletWebServerApplicationContext.java:176) [spring-boot-2.3.0.RELEASE.jar:2.3.0.RELEASE]
	at org.springframework.boot.web.servlet.context.ServletWebServerApplicationContext.onRefresh(ServletWebServerApplicationContext.java:158) [spring-boot-2.3.0.RELEASE.jar:2.3.0.RELEASE]
	at org.springframework.context.support.AbstractApplicationContext.refresh(AbstractApplicationContext.java:544) [spring-context-5.2.6.RELEASE.jar:5.2.6.RELEASE]
	at org.springframework.boot.web.servlet.context.ServletWebServerApplicationContext.refresh(ServletWebServerApplicationContext.java:143) [spring-boot-2.3.0.RELEASE.jar:2.3.0.RELEASE]
	at org.springframework.boot.SpringApplication.refresh(SpringApplication.java:758) [spring-boot-2.3.0.RELEASE.jar:2.3.0.RELEASE]
	at org.springframework.boot.SpringApplication.refresh(SpringApplication.java:750) [spring-boot-2.3.0.RELEASE.jar:2.3.0.RELEASE]
	at org.springframework.boot.SpringApplication.refreshContext(SpringApplication.java:397) [spring-boot-2.3.0.RELEASE.jar:2.3.0.RELEASE]
	at org.springframework.boot.SpringApplication.run(SpringApplication.java:315) [spring-boot-2.3.0.RELEASE.jar:2.3.0.RELEASE]
	at org.springframework.boot.SpringApplication.run(SpringApplication.java:1237) [spring-boot-2.3.0.RELEASE.jar:2.3.0.RELEASE]
	at org.springframework.boot.SpringApplication.run(SpringApplication.java:1226) [spring-boot-2.3.0.RELEASE.jar:2.3.0.RELEASE]
	at com.bmart.shopping.BmartApplication.main(BmartApplication.java:25) [classes/:?]
	at sun.reflect.NativeMethodAccessorImpl.invoke0(Native Method) ~[?:1.8.0_251]
	at sun.reflect.NativeMethodAccessorImpl.invoke(NativeMethodAccessorImpl.java:62) ~[?:1.8.0_251]
	at sun.reflect.DelegatingMethodAccessorImpl.invoke(DelegatingMethodAccessorImpl.java:43) ~[?:1.8.0_251]
	at java.lang.reflect.Method.invoke(Method.java:498) ~[?:1.8.0_251]
	at org.springframework.boot.devtools.restart.RestartLauncher.run(RestartLauncher.java:49) [spring-boot-devtools-2.3.0.RELEASE.jar:2.3.0.RELEASE]
Caused by: java.net.BindException: Address already in use: bind
	at sun.nio.ch.Net.bind0(Native Method) ~[?:1.8.0_251]
	at sun.nio.ch.Net.bind(Net.java:433) ~[?:1.8.0_251]
	at sun.nio.ch.Net.bind(Net.java:425) ~[?:1.8.0_251]
	at sun.nio.ch.ServerSocketChannelImpl.bind(ServerSocketChannelImpl.java:223) ~[?:1.8.0_251]
	at sun.nio.ch.ServerSocketAdaptor.bind(ServerSocketAdaptor.java:74) ~[?:1.8.0_251]
	at org.apache.tomcat.util.net.NioEndpoint.initServerSocket(NioEndpoint.java:228) ~[tomcat-embed-core-9.0.35.jar:9.0.35]
	at org.apache.tomcat.util.net.NioEndpoint.bind(NioEndpoint.java:211) ~[tomcat-embed-core-9.0.35.jar:9.0.35]
	at org.apache.tomcat.util.net.AbstractEndpoint.bindWithCleanup(AbstractEndpoint.java:1141) ~[tomcat-embed-core-9.0.35.jar:9.0.35]
	at org.apache.tomcat.util.net.AbstractEndpoint.init(AbstractEndpoint.java:1154) ~[tomcat-embed-core-9.0.35.jar:9.0.35]
	at org.apache.coyote.AbstractProtocol.init(AbstractProtocol.java:581) ~[tomcat-embed-core-9.0.35.jar:9.0.35]
	at org.apache.coyote.http11.AbstractHttp11Protocol.init(AbstractHttp11Protocol.java:74) ~[tomcat-embed-core-9.0.35.jar:9.0.35]
	at org.apache.catalina.connector.Connector.initInternal(Connector.java:1030) ~[tomcat-embed-core-9.0.35.jar:9.0.35]
	... 27 more
2020-10-19 00:40:58,865 ERROR o.a.c.u.LifecycleBase [restartedMain] Failed to start component [Connector[org.apache.coyote.http11.Http11NioProtocol-8443]]
org.apache.catalina.LifecycleException: Protocol handler start failed
	at org.apache.catalina.connector.Connector.startInternal(Connector.java:1058) ~[tomcat-embed-core-9.0.35.jar:9.0.35]
	at org.apache.catalina.util.LifecycleBase.start(LifecycleBase.java:183) [tomcat-embed-core-9.0.35.jar:9.0.35]
	at org.apache.catalina.core.StandardService.addConnector(StandardService.java:227) [tomcat-embed-core-9.0.35.jar:9.0.35]
	at org.springframework.boot.web.embedded.tomcat.TomcatWebServer.addPreviouslyRemovedConnectors(TomcatWebServer.java:282) [spring-boot-2.3.0.RELEASE.jar:2.3.0.RELEASE]
	at org.springframework.boot.web.embedded.tomcat.TomcatWebServer.start(TomcatWebServer.java:213) [spring-boot-2.3.0.RELEASE.jar:2.3.0.RELEASE]
	at org.springframework.boot.web.servlet.context.WebServerStartStopLifecycle.start(WebServerStartStopLifecycle.java:43) [spring-boot-2.3.0.RELEASE.jar:2.3.0.RELEASE]
	at org.springframework.context.support.DefaultLifecycleProcessor.doStart(DefaultLifecycleProcessor.java:182) [spring-context-5.2.6.RELEASE.jar:5.2.6.RELEASE]
	at org.springframework.context.support.DefaultLifecycleProcessor.access$200(DefaultLifecycleProcessor.java:53) [spring-context-5.2.6.RELEASE.jar:5.2.6.RELEASE]
	at org.springframework.context.support.DefaultLifecycleProcessor$LifecycleGroup.start(DefaultLifecycleProcessor.java:360) [spring-context-5.2.6.RELEASE.jar:5.2.6.RELEASE]
	at org.springframework.context.support.DefaultLifecycleProcessor.startBeans(DefaultLifecycleProcessor.java:158) [spring-context-5.2.6.RELEASE.jar:5.2.6.RELEASE]
	at org.springframework.context.support.DefaultLifecycleProcessor.onRefresh(DefaultLifecycleProcessor.java:122) [spring-context-5.2.6.RELEASE.jar:5.2.6.RELEASE]
	at org.springframework.context.support.AbstractApplicationContext.finishRefresh(AbstractApplicationContext.java:894) [spring-context-5.2.6.RELEASE.jar:5.2.6.RELEASE]
	at org.springframework.context.support.AbstractApplicationContext.refresh(AbstractApplicationContext.java:553) [spring-context-5.2.6.RELEASE.jar:5.2.6.RELEASE]
	at org.springframework.boot.web.servlet.context.ServletWebServerApplicationContext.refresh(ServletWebServerApplicationContext.java:143) [spring-boot-2.3.0.RELEASE.jar:2.3.0.RELEASE]
	at org.springframework.boot.SpringApplication.refresh(SpringApplication.java:758) [spring-boot-2.3.0.RELEASE.jar:2.3.0.RELEASE]
	at org.springframework.boot.SpringApplication.refresh(SpringApplication.java:750) [spring-boot-2.3.0.RELEASE.jar:2.3.0.RELEASE]
	at org.springframework.boot.SpringApplication.refreshContext(SpringApplication.java:397) [spring-boot-2.3.0.RELEASE.jar:2.3.0.RELEASE]
	at org.springframework.boot.SpringApplication.run(SpringApplication.java:315) [spring-boot-2.3.0.RELEASE.jar:2.3.0.RELEASE]
	at org.springframework.boot.SpringApplication.run(SpringApplication.java:1237) [spring-boot-2.3.0.RELEASE.jar:2.3.0.RELEASE]
	at org.springframework.boot.SpringApplication.run(SpringApplication.java:1226) [spring-boot-2.3.0.RELEASE.jar:2.3.0.RELEASE]
	at com.bmart.shopping.BmartApplication.main(BmartApplication.java:25) [classes/:?]
	at sun.reflect.NativeMethodAccessorImpl.invoke0(Native Method) ~[?:1.8.0_251]
	at sun.reflect.NativeMethodAccessorImpl.invoke(NativeMethodAccessorImpl.java:62) ~[?:1.8.0_251]
	at sun.reflect.DelegatingMethodAccessorImpl.invoke(DelegatingMethodAccessorImpl.java:43) ~[?:1.8.0_251]
	at java.lang.reflect.Method.invoke(Method.java:498) ~[?:1.8.0_251]
	at org.springframework.boot.devtools.restart.RestartLauncher.run(RestartLauncher.java:49) [spring-boot-devtools-2.3.0.RELEASE.jar:2.3.0.RELEASE]
Caused by: java.net.BindException: Address already in use: bind
	at sun.nio.ch.Net.bind0(Native Method) ~[?:1.8.0_251]
	at sun.nio.ch.Net.bind(Net.java:433) ~[?:1.8.0_251]
	at sun.nio.ch.Net.bind(Net.java:425) ~[?:1.8.0_251]
	at sun.nio.ch.ServerSocketChannelImpl.bind(ServerSocketChannelImpl.java:223) ~[?:1.8.0_251]
	at sun.nio.ch.ServerSocketAdaptor.bind(ServerSocketAdaptor.java:74) ~[?:1.8.0_251]
	at org.apache.tomcat.util.net.NioEndpoint.initServerSocket(NioEndpoint.java:228) ~[tomcat-embed-core-9.0.35.jar:9.0.35]
	at org.apache.tomcat.util.net.NioEndpoint.bind(NioEndpoint.java:211) ~[tomcat-embed-core-9.0.35.jar:9.0.35]
	at org.apache.tomcat.util.net.AbstractEndpoint.bindWithCleanup(AbstractEndpoint.java:1141) ~[tomcat-embed-core-9.0.35.jar:9.0.35]
	at org.apache.tomcat.util.net.AbstractEndpoint.start(AbstractEndpoint.java:1227) ~[tomcat-embed-core-9.0.35.jar:9.0.35]
	at org.apache.coyote.AbstractProtocol.start(AbstractProtocol.java:592) ~[tomcat-embed-core-9.0.35.jar:9.0.35]
	at org.apache.catalina.connector.Connector.startInternal(Connector.java:1055) ~[tomcat-embed-core-9.0.35.jar:9.0.35]
	... 25 more
2020-10-19 00:41:11,776 INFO c.b.s.BmartApplication [restartedMain] Starting BmartApplication on LAPTOP-CUSUEL51 with PID 20012 (E:\app\bmart-workspace\bmart\target\classes started by Anaisha in E:\app\bmart-workspace\bmart)
2020-10-19 00:41:11,777 INFO c.b.s.BmartApplication [restartedMain] The following profiles are active: prod
2020-10-19 00:41:12,254 ERROR o.a.c.u.LifecycleBase [restartedMain] Failed to initialize component [Connector[org.apache.coyote.http11.Http11NioProtocol-8443]]
org.apache.catalina.LifecycleException: Protocol handler initialization failed
	at org.apache.catalina.connector.Connector.initInternal(Connector.java:1033) ~[tomcat-embed-core-9.0.35.jar:9.0.35]
	at org.apache.catalina.util.LifecycleBase.init(LifecycleBase.java:136) [tomcat-embed-core-9.0.35.jar:9.0.35]
	at org.apache.catalina.core.StandardService.initInternal(StandardService.java:533) [tomcat-embed-core-9.0.35.jar:9.0.35]
	at org.apache.catalina.util.LifecycleBase.init(LifecycleBase.java:136) [tomcat-embed-core-9.0.35.jar:9.0.35]
	at org.apache.catalina.core.StandardServer.initInternal(StandardServer.java:1057) [tomcat-embed-core-9.0.35.jar:9.0.35]
	at org.apache.catalina.util.LifecycleBase.init(LifecycleBase.java:136) [tomcat-embed-core-9.0.35.jar:9.0.35]
	at org.apache.catalina.util.LifecycleBase.start(LifecycleBase.java:173) [tomcat-embed-core-9.0.35.jar:9.0.35]
	at org.apache.catalina.startup.Tomcat.start(Tomcat.java:468) [tomcat-embed-core-9.0.35.jar:9.0.35]
	at org.springframework.boot.web.embedded.tomcat.TomcatWebServer.initialize(TomcatWebServer.java:123) [spring-boot-2.3.0.RELEASE.jar:2.3.0.RELEASE]
	at org.springframework.boot.web.embedded.tomcat.TomcatWebServer.<init>(TomcatWebServer.java:104) [spring-boot-2.3.0.RELEASE.jar:2.3.0.RELEASE]
	at org.springframework.boot.web.embedded.tomcat.TomcatServletWebServerFactory.getTomcatWebServer(TomcatServletWebServerFactory.java:437) [spring-boot-2.3.0.RELEASE.jar:2.3.0.RELEASE]
	at org.springframework.boot.web.embedded.tomcat.TomcatServletWebServerFactory.getWebServer(TomcatServletWebServerFactory.java:191) [spring-boot-2.3.0.RELEASE.jar:2.3.0.RELEASE]
	at org.springframework.boot.web.servlet.context.ServletWebServerApplicationContext.createWebServer(ServletWebServerApplicationContext.java:176) [spring-boot-2.3.0.RELEASE.jar:2.3.0.RELEASE]
	at org.springframework.boot.web.servlet.context.ServletWebServerApplicationContext.onRefresh(ServletWebServerApplicationContext.java:158) [spring-boot-2.3.0.RELEASE.jar:2.3.0.RELEASE]
	at org.springframework.context.support.AbstractApplicationContext.refresh(AbstractApplicationContext.java:544) [spring-context-5.2.6.RELEASE.jar:5.2.6.RELEASE]
	at org.springframework.boot.web.servlet.context.ServletWebServerApplicationContext.refresh(ServletWebServerApplicationContext.java:143) [spring-boot-2.3.0.RELEASE.jar:2.3.0.RELEASE]
	at org.springframework.boot.SpringApplication.refresh(SpringApplication.java:758) [spring-boot-2.3.0.RELEASE.jar:2.3.0.RELEASE]
	at org.springframework.boot.SpringApplication.refresh(SpringApplication.java:750) [spring-boot-2.3.0.RELEASE.jar:2.3.0.RELEASE]
	at org.springframework.boot.SpringApplication.refreshContext(SpringApplication.java:397) [spring-boot-2.3.0.RELEASE.jar:2.3.0.RELEASE]
	at org.springframework.boot.SpringApplication.run(SpringApplication.java:315) [spring-boot-2.3.0.RELEASE.jar:2.3.0.RELEASE]
	at org.springframework.boot.SpringApplication.run(SpringApplication.java:1237) [spring-boot-2.3.0.RELEASE.jar:2.3.0.RELEASE]
	at org.springframework.boot.SpringApplication.run(SpringApplication.java:1226) [spring-boot-2.3.0.RELEASE.jar:2.3.0.RELEASE]
	at com.bmart.shopping.BmartApplication.main(BmartApplication.java:25) [classes/:?]
	at sun.reflect.NativeMethodAccessorImpl.invoke0(Native Method) ~[?:1.8.0_251]
	at sun.reflect.NativeMethodAccessorImpl.invoke(NativeMethodAccessorImpl.java:62) ~[?:1.8.0_251]
	at sun.reflect.DelegatingMethodAccessorImpl.invoke(DelegatingMethodAccessorImpl.java:43) ~[?:1.8.0_251]
	at java.lang.reflect.Method.invoke(Method.java:498) ~[?:1.8.0_251]
	at org.springframework.boot.devtools.restart.RestartLauncher.run(RestartLauncher.java:49) [spring-boot-devtools-2.3.0.RELEASE.jar:2.3.0.RELEASE]
Caused by: java.net.BindException: Address already in use: bind
	at sun.nio.ch.Net.bind0(Native Method) ~[?:1.8.0_251]
	at sun.nio.ch.Net.bind(Net.java:433) ~[?:1.8.0_251]
	at sun.nio.ch.Net.bind(Net.java:425) ~[?:1.8.0_251]
	at sun.nio.ch.ServerSocketChannelImpl.bind(ServerSocketChannelImpl.java:223) ~[?:1.8.0_251]
	at sun.nio.ch.ServerSocketAdaptor.bind(ServerSocketAdaptor.java:74) ~[?:1.8.0_251]
	at org.apache.tomcat.util.net.NioEndpoint.initServerSocket(NioEndpoint.java:228) ~[tomcat-embed-core-9.0.35.jar:9.0.35]
	at org.apache.tomcat.util.net.NioEndpoint.bind(NioEndpoint.java:211) ~[tomcat-embed-core-9.0.35.jar:9.0.35]
	at org.apache.tomcat.util.net.AbstractEndpoint.bindWithCleanup(AbstractEndpoint.java:1141) ~[tomcat-embed-core-9.0.35.jar:9.0.35]
	at org.apache.tomcat.util.net.AbstractEndpoint.init(AbstractEndpoint.java:1154) ~[tomcat-embed-core-9.0.35.jar:9.0.35]
	at org.apache.coyote.AbstractProtocol.init(AbstractProtocol.java:581) ~[tomcat-embed-core-9.0.35.jar:9.0.35]
	at org.apache.coyote.http11.AbstractHttp11Protocol.init(AbstractHttp11Protocol.java:74) ~[tomcat-embed-core-9.0.35.jar:9.0.35]
	at org.apache.catalina.connector.Connector.initInternal(Connector.java:1030) ~[tomcat-embed-core-9.0.35.jar:9.0.35]
	... 27 more
2020-10-19 00:41:13,087 ERROR o.a.c.u.LifecycleBase [restartedMain] Failed to start component [Connector[org.apache.coyote.http11.Http11NioProtocol-8443]]
org.apache.catalina.LifecycleException: Protocol handler start failed
	at org.apache.catalina.connector.Connector.startInternal(Connector.java:1058) ~[tomcat-embed-core-9.0.35.jar:9.0.35]
	at org.apache.catalina.util.LifecycleBase.start(LifecycleBase.java:183) [tomcat-embed-core-9.0.35.jar:9.0.35]
	at org.apache.catalina.core.StandardService.addConnector(StandardService.java:227) [tomcat-embed-core-9.0.35.jar:9.0.35]
	at org.springframework.boot.web.embedded.tomcat.TomcatWebServer.addPreviouslyRemovedConnectors(TomcatWebServer.java:282) [spring-boot-2.3.0.RELEASE.jar:2.3.0.RELEASE]
	at org.springframework.boot.web.embedded.tomcat.TomcatWebServer.start(TomcatWebServer.java:213) [spring-boot-2.3.0.RELEASE.jar:2.3.0.RELEASE]
	at org.springframework.boot.web.servlet.context.WebServerStartStopLifecycle.start(WebServerStartStopLifecycle.java:43) [spring-boot-2.3.0.RELEASE.jar:2.3.0.RELEASE]
	at org.springframework.context.support.DefaultLifecycleProcessor.doStart(DefaultLifecycleProcessor.java:182) [spring-context-5.2.6.RELEASE.jar:5.2.6.RELEASE]
	at org.springframework.context.support.DefaultLifecycleProcessor.access$200(DefaultLifecycleProcessor.java:53) [spring-context-5.2.6.RELEASE.jar:5.2.6.RELEASE]
	at org.springframework.context.support.DefaultLifecycleProcessor$LifecycleGroup.start(DefaultLifecycleProcessor.java:360) [spring-context-5.2.6.RELEASE.jar:5.2.6.RELEASE]
	at org.springframework.context.support.DefaultLifecycleProcessor.startBeans(DefaultLifecycleProcessor.java:158) [spring-context-5.2.6.RELEASE.jar:5.2.6.RELEASE]
	at org.springframework.context.support.DefaultLifecycleProcessor.onRefresh(DefaultLifecycleProcessor.java:122) [spring-context-5.2.6.RELEASE.jar:5.2.6.RELEASE]
	at org.springframework.context.support.AbstractApplicationContext.finishRefresh(AbstractApplicationContext.java:894) [spring-context-5.2.6.RELEASE.jar:5.2.6.RELEASE]
	at org.springframework.context.support.AbstractApplicationContext.refresh(AbstractApplicationContext.java:553) [spring-context-5.2.6.RELEASE.jar:5.2.6.RELEASE]
	at org.springframework.boot.web.servlet.context.ServletWebServerApplicationContext.refresh(ServletWebServerApplicationContext.java:143) [spring-boot-2.3.0.RELEASE.jar:2.3.0.RELEASE]
	at org.springframework.boot.SpringApplication.refresh(SpringApplication.java:758) [spring-boot-2.3.0.RELEASE.jar:2.3.0.RELEASE]
	at org.springframework.boot.SpringApplication.refresh(SpringApplication.java:750) [spring-boot-2.3.0.RELEASE.jar:2.3.0.RELEASE]
	at org.springframework.boot.SpringApplication.refreshContext(SpringApplication.java:397) [spring-boot-2.3.0.RELEASE.jar:2.3.0.RELEASE]
	at org.springframework.boot.SpringApplication.run(SpringApplication.java:315) [spring-boot-2.3.0.RELEASE.jar:2.3.0.RELEASE]
	at org.springframework.boot.SpringApplication.run(SpringApplication.java:1237) [spring-boot-2.3.0.RELEASE.jar:2.3.0.RELEASE]
	at org.springframework.boot.SpringApplication.run(SpringApplication.java:1226) [spring-boot-2.3.0.RELEASE.jar:2.3.0.RELEASE]
	at com.bmart.shopping.BmartApplication.main(BmartApplication.java:25) [classes/:?]
	at sun.reflect.NativeMethodAccessorImpl.invoke0(Native Method) ~[?:1.8.0_251]
	at sun.reflect.NativeMethodAccessorImpl.invoke(NativeMethodAccessorImpl.java:62) ~[?:1.8.0_251]
	at sun.reflect.DelegatingMethodAccessorImpl.invoke(DelegatingMethodAccessorImpl.java:43) ~[?:1.8.0_251]
	at java.lang.reflect.Method.invoke(Method.java:498) ~[?:1.8.0_251]
	at org.springframework.boot.devtools.restart.RestartLauncher.run(RestartLauncher.java:49) [spring-boot-devtools-2.3.0.RELEASE.jar:2.3.0.RELEASE]
Caused by: java.net.BindException: Address already in use: bind
	at sun.nio.ch.Net.bind0(Native Method) ~[?:1.8.0_251]
	at sun.nio.ch.Net.bind(Net.java:433) ~[?:1.8.0_251]
	at sun.nio.ch.Net.bind(Net.java:425) ~[?:1.8.0_251]
	at sun.nio.ch.ServerSocketChannelImpl.bind(ServerSocketChannelImpl.java:223) ~[?:1.8.0_251]
	at sun.nio.ch.ServerSocketAdaptor.bind(ServerSocketAdaptor.java:74) ~[?:1.8.0_251]
	at org.apache.tomcat.util.net.NioEndpoint.initServerSocket(NioEndpoint.java:228) ~[tomcat-embed-core-9.0.35.jar:9.0.35]
	at org.apache.tomcat.util.net.NioEndpoint.bind(NioEndpoint.java:211) ~[tomcat-embed-core-9.0.35.jar:9.0.35]
	at org.apache.tomcat.util.net.AbstractEndpoint.bindWithCleanup(AbstractEndpoint.java:1141) ~[tomcat-embed-core-9.0.35.jar:9.0.35]
	at org.apache.tomcat.util.net.AbstractEndpoint.start(AbstractEndpoint.java:1227) ~[tomcat-embed-core-9.0.35.jar:9.0.35]
	at org.apache.coyote.AbstractProtocol.start(AbstractProtocol.java:592) ~[tomcat-embed-core-9.0.35.jar:9.0.35]
	at org.apache.catalina.connector.Connector.startInternal(Connector.java:1055) ~[tomcat-embed-core-9.0.35.jar:9.0.35]
	... 25 more
2020-10-19 00:44:15,818 INFO c.b.s.BmartApplication [restartedMain] Starting BmartApplication on LAPTOP-CUSUEL51 with PID 1372 (E:\app\bmart-workspace\bmart\target\classes started by Anaisha in E:\app\bmart-workspace\bmart)
2020-10-19 00:44:15,828 INFO c.b.s.BmartApplication [restartedMain] The following profiles are active: prod
2020-10-19 00:44:21,622 INFO c.b.s.BmartApplication [restartedMain] Started BmartApplication in 6.278 seconds (JVM running for 8.155)
2020-10-19 00:51:52,240 INFO c.b.s.BmartApplication [restartedMain] Starting BmartApplication on LAPTOP-CUSUEL51 with PID 1372 (E:\app\bmart-workspace\bmart\target\classes started by Anaisha in E:\app\bmart-workspace\bmart)
2020-10-19 00:51:52,240 INFO c.b.s.BmartApplication [restartedMain] The following profiles are active: prod
2020-10-19 00:51:53,960 INFO c.b.s.BmartApplication [restartedMain] Started BmartApplication in 1.8 seconds (JVM running for 460.49)
2020-10-19 01:14:17,660 INFO c.b.s.BmartApplication [restartedMain] Starting BmartApplication on LAPTOP-CUSUEL51 with PID 1372 (E:\app\bmart-workspace\bmart\target\classes started by Anaisha in E:\app\bmart-workspace\bmart)
2020-10-19 01:14:17,660 INFO c.b.s.BmartApplication [restartedMain] The following profiles are active: prod
2020-10-19 01:14:19,273 INFO c.b.s.BmartApplication [restartedMain] Started BmartApplication in 1.68 seconds (JVM running for 1805.809)
2020-10-19 01:16:43,407 INFO c.b.s.BmartApplication [restartedMain] Starting BmartApplication on LAPTOP-CUSUEL51 with PID 1372 (E:\app\bmart-workspace\bmart\target\classes started by Anaisha in E:\app\bmart-workspace\bmart)
2020-10-19 01:16:43,408 INFO c.b.s.BmartApplication [restartedMain] The following profiles are active: prod
2020-10-19 01:16:44,789 INFO c.b.s.BmartApplication [restartedMain] Started BmartApplication in 1.438 seconds (JVM running for 1951.32)
2020-10-19 01:16:57,809 INFO c.b.s.BmartApplication [restartedMain] Starting BmartApplication on LAPTOP-CUSUEL51 with PID 1372 (E:\app\bmart-workspace\bmart\target\classes started by Anaisha in E:\app\bmart-workspace\bmart)
2020-10-19 01:16:57,809 INFO c.b.s.BmartApplication [restartedMain] The following profiles are active: prod
2020-10-19 01:16:59,462 INFO c.b.s.BmartApplication [restartedMain] Started BmartApplication in 1.773 seconds (JVM running for 1965.993)
2020-10-19 01:19:52,333 INFO c.b.s.BmartApplication [restartedMain] Starting BmartApplication on LAPTOP-CUSUEL51 with PID 1372 (E:\app\bmart-workspace\bmart\target\classes started by Anaisha in E:\app\bmart-workspace\bmart)
2020-10-19 01:19:52,334 INFO c.b.s.BmartApplication [restartedMain] The following profiles are active: prod
2020-10-19 01:19:53,771 INFO c.b.s.BmartApplication [restartedMain] Started BmartApplication in 1.488 seconds (JVM running for 2140.301)
2020-10-19 01:20:09,574 INFO c.b.s.BmartApplication [restartedMain] Starting BmartApplication on LAPTOP-CUSUEL51 with PID 1372 (E:\app\bmart-workspace\bmart\target\classes started by Anaisha in E:\app\bmart-workspace\bmart)
2020-10-19 01:20:09,574 INFO c.b.s.BmartApplication [restartedMain] The following profiles are active: prod
2020-10-19 01:20:11,059 INFO c.b.s.BmartApplication [restartedMain] Started BmartApplication in 1.539 seconds (JVM running for 2157.596)
2020-10-19 01:20:29,770 INFO c.b.s.BmartApplication [restartedMain] Starting BmartApplication on LAPTOP-CUSUEL51 with PID 1372 (E:\app\bmart-workspace\bmart\target\classes started by Anaisha in E:\app\bmart-workspace\bmart)
2020-10-19 01:20:29,771 INFO c.b.s.BmartApplication [restartedMain] The following profiles are active: prod
2020-10-19 01:20:31,090 INFO c.b.s.BmartApplication [restartedMain] Started BmartApplication in 1.369 seconds (JVM running for 2177.621)
2020-10-19 01:21:03,222 INFO c.b.s.BmartApplication [restartedMain] Starting BmartApplication on LAPTOP-CUSUEL51 with PID 1372 (E:\app\bmart-workspace\bmart\target\classes started by Anaisha in E:\app\bmart-workspace\bmart)
2020-10-19 01:21:03,222 INFO c.b.s.BmartApplication [restartedMain] The following profiles are active: prod
2020-10-19 01:21:04,616 INFO c.b.s.BmartApplication [restartedMain] Started BmartApplication in 1.443 seconds (JVM running for 2211.15)
2020-10-19 01:39:54,646 INFO c.b.s.BmartApplication [restartedMain] Starting BmartApplication on LAPTOP-CUSUEL51 with PID 1372 (E:\app\bmart-workspace\bmart\target\classes started by Anaisha in E:\app\bmart-workspace\bmart)
2020-10-19 01:39:54,647 INFO c.b.s.BmartApplication [restartedMain] The following profiles are active: prod
2020-10-19 01:39:56,090 INFO c.b.s.BmartApplication [restartedMain] Started BmartApplication in 1.492 seconds (JVM running for 3342.62)
2020-10-19 13:44:58,226 INFO c.b.s.BmartApplication [restartedMain] Starting BmartApplication on LAPTOP-CUSUEL51 with PID 1204 (E:\app\bmart-workspace\bmart\target\classes started by Anaisha in E:\app\bmart-workspace\bmart)
2020-10-19 13:44:58,296 INFO c.b.s.BmartApplication [restartedMain] The following profiles are active: prod
2020-10-19 13:45:06,679 INFO c.b.s.BmartApplication [restartedMain] Started BmartApplication in 9.094 seconds (JVM running for 11.99)
2020-10-19 13:52:15,967 ERROR o.a.c.c.C.[.[.[.[dispatcherServlet] [https-jsse-nio-8444-exec-1] Servlet.service() for servlet [dispatcherServlet] in context with path [] threw exception
java.lang.NullPointerException: null
	at com.bmart.shopping.usermgmt.model.UserPrincipal.isEnabled(UserPrincipal.java:74) ~[classes/:?]
	at org.springframework.security.authentication.dao.AbstractUserDetailsAuthenticationProvider$DefaultPreAuthenticationChecks.check(AbstractUserDetailsAuthenticationProvider.java:360) ~[spring-security-core-5.3.2.RELEASE.jar:5.3.2.RELEASE]
	at org.springframework.security.authentication.dao.AbstractUserDetailsAuthenticationProvider.authenticate(AbstractUserDetailsAuthenticationProvider.java:165) ~[spring-security-core-5.3.2.RELEASE.jar:5.3.2.RELEASE]
	at org.springframework.security.authentication.ProviderManager.authenticate(ProviderManager.java:199) ~[spring-security-core-5.3.2.RELEASE.jar:5.3.2.RELEASE]
	at com.bmart.shopping.security.JwtAuthenticationFilter.attemptAuthentication(JwtAuthenticationFilter.java:52) ~[classes/:?]
	at org.springframework.security.web.authentication.AbstractAuthenticationProcessingFilter.doFilter(AbstractAuthenticationProcessingFilter.java:212) ~[spring-security-web-5.3.2.RELEASE.jar:5.3.2.RELEASE]
	at org.springframework.security.web.FilterChainProxy$VirtualFilterChain.doFilter(FilterChainProxy.java:334) ~[spring-security-web-5.3.2.RELEASE.jar:5.3.2.RELEASE]
	at org.springframework.security.web.authentication.logout.LogoutFilter.doFilter(LogoutFilter.java:116) ~[spring-security-web-5.3.2.RELEASE.jar:5.3.2.RELEASE]
	at org.springframework.security.web.FilterChainProxy$VirtualFilterChain.doFilter(FilterChainProxy.java:334) ~[spring-security-web-5.3.2.RELEASE.jar:5.3.2.RELEASE]
	at org.springframework.security.web.header.HeaderWriterFilter.doHeadersAfter(HeaderWriterFilter.java:92) ~[spring-security-web-5.3.2.RELEASE.jar:5.3.2.RELEASE]
	at org.springframework.security.web.header.HeaderWriterFilter.doFilterInternal(HeaderWriterFilter.java:77) ~[spring-security-web-5.3.2.RELEASE.jar:5.3.2.RELEASE]
	at org.springframework.web.filter.OncePerRequestFilter.doFilter(OncePerRequestFilter.java:119) ~[spring-web-5.2.6.RELEASE.jar:5.2.6.RELEASE]
	at org.springframework.security.web.FilterChainProxy$VirtualFilterChain.doFilter(FilterChainProxy.java:334) ~[spring-security-web-5.3.2.RELEASE.jar:5.3.2.RELEASE]
	at org.springframework.security.web.context.SecurityContextPersistenceFilter.doFilter(SecurityContextPersistenceFilter.java:105) ~[spring-security-web-5.3.2.RELEASE.jar:5.3.2.RELEASE]
	at org.springframework.security.web.FilterChainProxy$VirtualFilterChain.doFilter(FilterChainProxy.java:334) ~[spring-security-web-5.3.2.RELEASE.jar:5.3.2.RELEASE]
	at org.springframework.security.web.context.request.async.WebAsyncManagerIntegrationFilter.doFilterInternal(WebAsyncManagerIntegrationFilter.java:56) ~[spring-security-web-5.3.2.RELEASE.jar:5.3.2.RELEASE]
	at org.springframework.web.filter.OncePerRequestFilter.doFilter(OncePerRequestFilter.java:119) ~[spring-web-5.2.6.RELEASE.jar:5.2.6.RELEASE]
	at org.springframework.security.web.FilterChainProxy$VirtualFilterChain.doFilter(FilterChainProxy.java:334) ~[spring-security-web-5.3.2.RELEASE.jar:5.3.2.RELEASE]
	at org.springframework.security.web.FilterChainProxy.doFilterInternal(FilterChainProxy.java:215) ~[spring-security-web-5.3.2.RELEASE.jar:5.3.2.RELEASE]
	at org.springframework.security.web.FilterChainProxy.doFilter(FilterChainProxy.java:178) ~[spring-security-web-5.3.2.RELEASE.jar:5.3.2.RELEASE]
	at org.springframework.web.filter.DelegatingFilterProxy.invokeDelegate(DelegatingFilterProxy.java:358) ~[spring-web-5.2.6.RELEASE.jar:5.2.6.RELEASE]
	at org.springframework.web.filter.DelegatingFilterProxy.doFilter(DelegatingFilterProxy.java:271) ~[spring-web-5.2.6.RELEASE.jar:5.2.6.RELEASE]
	at org.apache.catalina.core.ApplicationFilterChain.internalDoFilter(ApplicationFilterChain.java:193) ~[tomcat-embed-core-9.0.35.jar:9.0.35]
	at org.apache.catalina.core.ApplicationFilterChain.doFilter(ApplicationFilterChain.java:166) ~[tomcat-embed-core-9.0.35.jar:9.0.35]
	at org.springframework.web.filter.RequestContextFilter.doFilterInternal(RequestContextFilter.java:100) ~[spring-web-5.2.6.RELEASE.jar:5.2.6.RELEASE]
	at org.springframework.web.filter.OncePerRequestFilter.doFilter(OncePerRequestFilter.java:119) ~[spring-web-5.2.6.RELEASE.jar:5.2.6.RELEASE]
	at org.apache.catalina.core.ApplicationFilterChain.internalDoFilter(ApplicationFilterChain.java:193) ~[tomcat-embed-core-9.0.35.jar:9.0.35]
	at org.apache.catalina.core.ApplicationFilterChain.doFilter(ApplicationFilterChain.java:166) ~[tomcat-embed-core-9.0.35.jar:9.0.35]
	at org.springframework.web.filter.FormContentFilter.doFilterInternal(FormContentFilter.java:93) ~[spring-web-5.2.6.RELEASE.jar:5.2.6.RELEASE]
	at org.springframework.web.filter.OncePerRequestFilter.doFilter(OncePerRequestFilter.java:119) ~[spring-web-5.2.6.RELEASE.jar:5.2.6.RELEASE]
	at org.apache.catalina.core.ApplicationFilterChain.internalDoFilter(ApplicationFilterChain.java:193) ~[tomcat-embed-core-9.0.35.jar:9.0.35]
	at org.apache.catalina.core.ApplicationFilterChain.doFilter(ApplicationFilterChain.java:166) ~[tomcat-embed-core-9.0.35.jar:9.0.35]
	at org.springframework.web.filter.CharacterEncodingFilter.doFilterInternal(CharacterEncodingFilter.java:201) ~[spring-web-5.2.6.RELEASE.jar:5.2.6.RELEASE]
	at org.springframework.web.filter.OncePerRequestFilter.doFilter(OncePerRequestFilter.java:119) ~[spring-web-5.2.6.RELEASE.jar:5.2.6.RELEASE]
	at org.apache.catalina.core.ApplicationFilterChain.internalDoFilter(ApplicationFilterChain.java:193) ~[tomcat-embed-core-9.0.35.jar:9.0.35]
	at org.apache.catalina.core.ApplicationFilterChain.doFilter(ApplicationFilterChain.java:166) ~[tomcat-embed-core-9.0.35.jar:9.0.35]
	at org.apache.catalina.core.StandardWrapperValve.invoke(StandardWrapperValve.java:202) [tomcat-embed-core-9.0.35.jar:9.0.35]
	at org.apache.catalina.core.StandardContextValve.invoke(StandardContextValve.java:96) [tomcat-embed-core-9.0.35.jar:9.0.35]
	at org.apache.catalina.authenticator.AuthenticatorBase.invoke(AuthenticatorBase.java:666) [tomcat-embed-core-9.0.35.jar:9.0.35]
	at org.apache.catalina.core.StandardHostValve.invoke(StandardHostValve.java:139) [tomcat-embed-core-9.0.35.jar:9.0.35]
	at org.apache.catalina.valves.ErrorReportValve.invoke(ErrorReportValve.java:92) [tomcat-embed-core-9.0.35.jar:9.0.35]
	at org.apache.catalina.core.StandardEngineValve.invoke(StandardEngineValve.java:74) [tomcat-embed-core-9.0.35.jar:9.0.35]
	at org.apache.catalina.connector.CoyoteAdapter.service(CoyoteAdapter.java:343) [tomcat-embed-core-9.0.35.jar:9.0.35]
	at org.apache.coyote.http11.Http11Processor.service(Http11Processor.java:373) [tomcat-embed-core-9.0.35.jar:9.0.35]
	at org.apache.coyote.AbstractProcessorLight.process(AbstractProcessorLight.java:65) [tomcat-embed-core-9.0.35.jar:9.0.35]
	at org.apache.coyote.AbstractProtocol$ConnectionHandler.process(AbstractProtocol.java:868) [tomcat-embed-core-9.0.35.jar:9.0.35]
	at org.apache.tomcat.util.net.NioEndpoint$SocketProcessor.doRun(NioEndpoint.java:1590) [tomcat-embed-core-9.0.35.jar:9.0.35]
	at org.apache.tomcat.util.net.SocketProcessorBase.run(SocketProcessorBase.java:49) [tomcat-embed-core-9.0.35.jar:9.0.35]
	at java.util.concurrent.ThreadPoolExecutor.runWorker(ThreadPoolExecutor.java:1149) [?:1.8.0_251]
	at java.util.concurrent.ThreadPoolExecutor$Worker.run(ThreadPoolExecutor.java:624) [?:1.8.0_251]
	at org.apache.tomcat.util.threads.TaskThread$WrappingRunnable.run(TaskThread.java:61) [tomcat-embed-core-9.0.35.jar:9.0.35]
	at java.lang.Thread.run(Thread.java:748) [?:1.8.0_251]
